JenKin 不开机启动 我们我们手动开启2

我们 编译成功 了 啊哈  但是 还是 有一些错误  


日志 太长  但是 还是备份一下  明天 调试

Started by user yanan.ding
Building in workspace /Users/admindyn/Desktop/工作/集分宝项目工作目录/JenKinTest
Working directory is /Users/admindyn/Desktop/工作/集分宝项目工作目录/JenKinTest.
[JenKinTest] $ /usr/bin/xcodebuild -version
Xcode 8.3.2
Build version 8E2002
Fetching marketing version number (CFBundleShortVersionString) from project.
[JenKinTest] $ /usr/bin/agvtool mvers -terse1
Found marketing version (CFBundleShortVersionString): 2.1.
Marketing version (CFBundleShortVersionString) found in project configuration: 2.1.
Fetching technical version number (CFBundleVersion) from project.
[JenKinTest] $ /usr/bin/agvtool vers -terse
No marketing version found (CFBundleVersion)
Technical version (CFBundleVersion) found in project configuration: .
Marketing version (CFBundleShortVersionString) used by Jenkins to produce the IPA: 2.1
Technical version (CFBundleVersion) used by Jenkins to produce the IPA: 
Cleaning build directory: /Users/admindyn/Desktop/工作/集分宝项目工作目录/JenKinTest/IPAResults
Cleaning up test-reports : /Users/admindyn/Desktop/工作/集分宝项目工作目录/JenKinTest/test-reports
[JenKinTest] $ /usr/bin/security list-keychains -s /Users/admindyn/Library/Keychains/admindyn.keychain-db
[JenKinTest] $ /usr/bin/security default-keychain -d user -s /Users/admindyn/Library/Keychains/admindyn.keychain-db
[JenKinTest] $ /usr/bin/security unlock-keychain -p ******** /Users/admindyn/Library/Keychains/admindyn.keychain-db
[JenKinTest] $ /usr/bin/security show-keychain-info /Users/admindyn/Library/Keychains/admindyn.keychain-db
Keychain "/Users/admindyn/Library/Keychains/admindyn.keychain-db" no-timeout
===========================================================
== Available provisioning profiles
[JenKinTest] $ /usr/bin/security find-identity -p codesigning -v
  1) 5675F100CE17C5EF1EBD146FA3F22B9F42D3F7C2 "iPhone Distribution: CHRising Information & Consulting Co., Ltd."
  2) 0D673CA5D8779F8CA24E9100058226228C67BBFA "iPhone Distribution: CHRising Information & Consulting Co., Ltd."
  3) B41194B03EC12B07930845833EA03BA3C5515FE5 "macserver1.local Code Signing Certificate"
     3 valid identities found
== Can we find the requested provisioning profile ?
[JenKinTest] $ /usr/bin/security find-certificate -a -c 58W4HKZ65K -Z | grep ^SHA-1
== Available SDKs
[JenKinTest] $ /usr/bin/xcodebuild -showsdks
iOS SDKs:
	iOS 10.3                      	-sdk iphoneos10.3

iOS Simulator SDKs:
	Simulator - iOS 10.3          	-sdk iphonesimulator10.3

macOS SDKs:
	macOS 10.12                   	-sdk macosx10.12

tvOS SDKs:
	tvOS 10.2                     	-sdk appletvos10.2

tvOS Simulator SDKs:
	Simulator - tvOS 10.2         	-sdk appletvsimulator10.2

watchOS SDKs:
	watchOS 3.2                   	-sdk watchos3.2

watchOS Simulator SDKs:
	Simulator - watchOS 3.2       	-sdk watchsimulator3.2

== Available schemes
[JenKinTest] $ /usr/bin/xcodebuild -list
Information about project "JenKinTest":
    Targets:
        JenKinTest
        JenKinTestTests
        JenKinTestUITests

    Build Configurations:
        Debug
        Release

    If no build configuration is specified and -scheme is not passed then "Release" is used.

    Schemes:
        JenKinTest


===========================================================
Going to invoke xcodebuild:, scheme: JenKinTest, sdk: DEFAULT, project: DEFAULT, configuration: Release, clean: YES, archive:YES, symRoot: /Users/admindyn/Desktop/工作/集分宝项目工作目录/JenKinTest/buildJenKins, buildDir: /Users/admindyn/Desktop/工作/集分宝项目工作目录/JenKinTest/IPAResults, developmentTeamID: 58W4HKZ65K
[JenKinTest] $ /usr/bin/xcodebuild -scheme JenKinTest -configuration Release clean archive -archivePath /Users/admindyn/Desktop/工作/集分宝项目工作目录/JenKinTest/IPAResults/JenKinTest.xcarchive SYMROOT=/Users/admindyn/Desktop/工作/集分宝项目工作目录/JenKinTest/buildJenKins BUILD_DIR=/Users/admindyn/Desktop/工作/集分宝项目工作目录/JenKinTest/IPAResults DEVELOPMENT_TEAM=58W4HKZ65K PROVISIONING_PROFILE=918c0f59-1ff7-42a8-a403-15b7869ec809
User defaults from command line:
    IDEArchivePathOverride = /Users/admindyn/Desktop/工作/集分宝项目工作目录/JenKinTest/IPAResults/JenKinTest.xcarchive

Build settings from command line:
    BUILD_DIR = /Users/admindyn/Desktop/工作/集分宝项目工作目录/JenKinTest/IPAResults
    DEVELOPMENT_TEAM = 58W4HKZ65K
    PROVISIONING_PROFILE = 918c0f59-1ff7-42a8-a403-15b7869ec809
    SYMROOT = /Users/admindyn/Desktop/工作/集分宝项目工作目录/JenKinTest/buildJenKins

=== CLEAN TARGET JenKinTest OF PROJECT JenKinTest WITH CONFIGURATION Release ===

Check dependencies

Create product structure
/bin/mkdir -p /Users/admindyn/Desktop/工作/集分宝项目工作目录/JenKinTest/IPAResults/Release-iphoneos/JenKinTest.app

Clean.Remove clean IPAResults/Release-iphoneos/JenKinTest.app.dSYM
    builtin-rm -rf /Users/admindyn/Desktop/工作/集分宝项目工作目录/JenKinTest/IPAResults/Release-iphoneos/JenKinTest.app.dSYM

Clean.Remove clean IPAResults/Release-iphoneos/JenKinTest.app
    builtin-rm -rf /Users/admindyn/Desktop/工作/集分宝项目工作目录/JenKinTest/IPAResults/Release-iphoneos/JenKinTest.app

Clean.Remove clean /Users/admindyn/Library/Developer/Xcode/DerivedData/JenKinTest-giudfoohkmpxfpgpcjjszczkexhg/Build/Intermediates/JenKinTest.build/Release-iphoneos/JenKinTest.build
    builtin-rm -rf /Users/admindyn/Library/Developer/Xcode/DerivedData/JenKinTest-giudfoohkmpxfpgpcjjszczkexhg/Build/Intermediates/JenKinTest.build/Release-iphoneos/JenKinTest.build

** CLEAN SUCCEEDED **

=== BUILD TARGET JenKinTest OF PROJECT JenKinTest WITH CONFIGURATION Release ===

Check dependencies

Write auxiliary files
/bin/mkdir -p /Users/admindyn/Library/Developer/Xcode/DerivedData/JenKinTest-giudfoohkmpxfpgpcjjszczkexhg/Build/Intermediates/ArchiveIntermediates/JenKinTest/IntermediateBuildFilesPath/JenKinTest.build/Release-iphoneos/JenKinTest.build/Objects-normal/arm64
write-file /Users/admindyn/Library/Developer/Xcode/DerivedData/JenKinTest-giudfoohkmpxfpgpcjjszczkexhg/Build/Intermediates/ArchiveIntermediates/JenKinTest/IntermediateBuildFilesPath/JenKinTest.build/Release-iphoneos/JenKinTest.build/Objects-normal/arm64/JenKinTest.LinkFileList
write-file /Users/admindyn/Library/Developer/Xcode/DerivedData/JenKinTest-giudfoohkmpxfpgpcjjszczkexhg/Build/Intermediates/ArchiveIntermediates/JenKinTest/IntermediateBuildFilesPath/JenKinTest.build/Release-iphoneos/JenKinTest.build/JenKinTest-all-target-headers.hmap
write-file /Users/admindyn/Library/Developer/Xcode/DerivedData/JenKinTest-giudfoohkmpxfpgpcjjszczkexhg/Build/Intermediates/ArchiveIntermediates/JenKinTest/IntermediateBuildFilesPath/JenKinTest.build/Release-iphoneos/JenKinTest.build/JenKinTest.hmap
write-file /Users/admindyn/Library/Developer/Xcode/DerivedData/JenKinTest-giudfoohkmpxfpgpcjjszczkexhg/Build/Intermediates/ArchiveIntermediates/JenKinTest/IntermediateBuildFilesPath/JenKinTest.build/Release-iphoneos/JenKinTest.build/JenKinTest-generated-files.hmap
write-file /Users/admindyn/Library/Developer/Xcode/DerivedData/JenKinTest-giudfoohkmpxfpgpcjjszczkexhg/Build/Intermediates/ArchiveIntermediates/JenKinTest/IntermediateBuildFilesPath/JenKinTest.build/Release-iphoneos/JenKinTest.build/Script-EC6F6CAC1F7A2C5000CDE360.sh
chmod 0755 /Users/admindyn/Library/Developer/Xcode/DerivedData/JenKinTest-giudfoohkmpxfpgpcjjszczkexhg/Build/Intermediates/ArchiveIntermediates/JenKinTest/IntermediateBuildFilesPath/JenKinTest.build/Release-iphoneos/JenKinTest.build/Script-EC6F6CAC1F7A2C5000CDE360.sh
write-file /Users/admindyn/Library/Developer/Xcode/DerivedData/JenKinTest-giudfoohkmpxfpgpcjjszczkexhg/Build/Intermediates/ArchiveIntermediates/JenKinTest/IntermediateBuildFilesPath/JenKinTest.build/Release-iphoneos/JenKinTest.build/JenKinTest-project-headers.hmap
write-file /Users/admindyn/Library/Developer/Xcode/DerivedData/JenKinTest-giudfoohkmpxfpgpcjjszczkexhg/Build/Intermediates/ArchiveIntermediates/JenKinTest/IntermediateBuildFilesPath/JenKinTest.build/Release-iphoneos/JenKinTest.build/JenKinTest-own-target-headers.hmap
write-file /Users/admindyn/Library/Developer/Xcode/DerivedData/JenKinTest-giudfoohkmpxfpgpcjjszczkexhg/Build/Intermediates/ArchiveIntermediates/JenKinTest/IntermediateBuildFilesPath/JenKinTest.build/Release-iphoneos/JenKinTest.build/JenKinTest-all-non-framework-target-headers.hmap
/bin/mkdir -p /Users/admindyn/Library/Developer/Xcode/DerivedData/JenKinTest-giudfoohkmpxfpgpcjjszczkexhg/Build/Intermediates/ArchiveIntermediates/JenKinTest/IntermediateBuildFilesPath/JenKinTest.build/Release-iphoneos/JenKinTest.build/Objects-normal/armv7
write-file /Users/admindyn/Library/Developer/Xcode/DerivedData/JenKinTest-giudfoohkmpxfpgpcjjszczkexhg/Build/Intermediates/ArchiveIntermediates/JenKinTest/IntermediateBuildFilesPath/JenKinTest.build/Release-iphoneos/JenKinTest.build/Objects-normal/armv7/JenKinTest.LinkFileList

Create product structure
/bin/mkdir -p /Users/admindyn/Library/Developer/Xcode/DerivedData/JenKinTest-giudfoohkmpxfpgpcjjszczkexhg/Build/Intermediates/ArchiveIntermediates/JenKinTest/InstallationBuildProductsLocation/Applications/JenKinTest.app

SymLink IPAResults/Release-iphoneos/JenKinTest.app /Users/admindyn/Library/Developer/Xcode/DerivedData/JenKinTest-giudfoohkmpxfpgpcjjszczkexhg/Build/Intermediates/ArchiveIntermediates/JenKinTest/InstallationBuildProductsLocation/Applications/JenKinTest.app
    cd /Users/admindyn/Desktop/工作/集分宝项目工作目录/JenKinTest
    export PATH="/Applications/Xcode.app/Contents/Developer/Platforms/iPhoneOS.platform/Developer/usr/bin:/Applications/Xcode.app/Contents/Developer/usr/bin:/Users/admindyn/Desktop/cocos2d-x/cocos2d-x/templates:/Users/admindyn/Desktop/cocos2d-x:/Users/admindyn/Desktop/cocos2d-x/cocos2d-x/tools/cocos2d-console/bin:/Library/Frameworks/Python.framework/Versions/3.5/bin:/Users/admindyn/.rvm/gems/ruby-2.3.0/bin:/Users/admindyn/.rvm/gems/ruby-2.3.0@global/bin:/Users/admindyn/.rvm/rubies/ruby-2.3.0/bin:/usr/local/php7.1.2/bin:/usr/local/php7.1.2/sbin:/usr/local/spark/spark-2.0.2-bin-hadoop2.7/bin:/usr/local/bin:/usr/bin:/bin:/usr/sbin:/sbin:/Applications/Server.app/Contents/ServerRoot/usr/bin:/Applications/Server.app/Contents/ServerRoot/usr/sbin:/Library/Frameworks/Mono.framework/Versions/Current/Commands:/Library/TeX/texbin:FFMPEG_Script:OPENCV_PATH:/usr/local/lib/pkg-config:/Applications/Jenkins/jenkins.war:/Users/admindyn/.rvm/bin"
    /bin/ln -sfh /Users/admindyn/Library/Developer/Xcode/DerivedData/JenKinTest-giudfoohkmpxfpgpcjjszczkexhg/Build/Intermediates/ArchiveIntermediates/JenKinTest/InstallationBuildProductsLocation/Applications/JenKinTest.app /Users/admindyn/Desktop/工作/集分宝项目工作目录/JenKinTest/IPAResults/Release-iphoneos/JenKinTest.app

DataModelCompile /Users/admindyn/Library/Developer/Xcode/DerivedData/JenKinTest-giudfoohkmpxfpgpcjjszczkexhg/Build/Intermediates/ArchiveIntermediates/JenKinTest/InstallationBuildProductsLocation/Applications/JenKinTest.app/ JenKinTest/JenKinTest.xcdatamodeld
    cd /Users/admindyn/Desktop/工作/集分宝项目工作目录/JenKinTest
    export PATH="/Applications/Xcode.app/Contents/Developer/Platforms/iPhoneOS.platform/Developer/usr/bin:/Applications/Xcode.app/Contents/Developer/usr/bin:/Users/admindyn/Desktop/cocos2d-x/cocos2d-x/templates:/Users/admindyn/Desktop/cocos2d-x:/Users/admindyn/Desktop/cocos2d-x/cocos2d-x/tools/cocos2d-console/bin:/Library/Frameworks/Python.framework/Versions/3.5/bin:/Users/admindyn/.rvm/gems/ruby-2.3.0/bin:/Users/admindyn/.rvm/gems/ruby-2.3.0@global/bin:/Users/admindyn/.rvm/rubies/ruby-2.3.0/bin:/usr/local/php7.1.2/bin:/usr/local/php7.1.2/sbin:/usr/local/spark/spark-2.0.2-bin-hadoop2.7/bin:/usr/local/bin:/usr/bin:/bin:/usr/sbin:/sbin:/Applications/Server.app/Contents/ServerRoot/usr/bin:/Applications/Server.app/Contents/ServerRoot/usr/sbin:/Library/Frameworks/Mono.framework/Versions/Current/Commands:/Library/TeX/texbin:FFMPEG_Script:OPENCV_PATH:/usr/local/lib/pkg-config:/Applications/Jenkins/jenkins.war:/Users/admindyn/.rvm/bin"
    /Applications/Xcode.app/Contents/Developer/usr/bin/momc --sdkroot /Applications/Xcode.app/Contents/Developer/Platforms/iPhoneOS.platform/Developer/SDKs/iPhoneOS10.3.sdk --iphoneos-deployment-target 8.0 --module JenKinTest /Users/admindyn/Desktop/工作/集分宝项目工作目录/JenKinTest/JenKinTest/JenKinTest.xcdatamodeld /Users/admindyn/Library/Developer/Xcode/DerivedData/JenKinTest-giudfoohkmpxfpgpcjjszczkexhg/Build/Intermediates/ArchiveIntermediates/JenKinTest/InstallationBuildProductsLocation/Applications/JenKinTest.app/

CompileC /Users/admindyn/Library/Developer/Xcode/DerivedData/JenKinTest-giudfoohkmpxfpgpcjjszczkexhg/Build/Intermediates/ArchiveIntermediates/JenKinTest/IntermediateBuildFilesPath/JenKinTest.build/Release-iphoneos/JenKinTest.build/Objects-normal/armv7/ViewController.o JenKinTest/ViewController.m normal armv7 objective-c com.apple.compilers.llvm.clang.1_0.compiler
    cd /Users/admindyn/Desktop/工作/集分宝项目工作目录/JenKinTest
    export LANG=en_US.US-ASCII
    export PATH="/Applications/Xcode.app/Contents/Developer/Platforms/iPhoneOS.platform/Developer/usr/bin:/Applications/Xcode.app/Contents/Developer/usr/bin:/Users/admindyn/Desktop/cocos2d-x/cocos2d-x/templates:/Users/admindyn/Desktop/cocos2d-x:/Users/admindyn/Desktop/cocos2d-x/cocos2d-x/tools/cocos2d-console/bin:/Library/Frameworks/Python.framework/Versions/3.5/bin:/Users/admindyn/.rvm/gems/ruby-2.3.0/bin:/Users/admindyn/.rvm/gems/ruby-2.3.0@global/bin:/Users/admindyn/.rvm/rubies/ruby-2.3.0/bin:/usr/local/php7.1.2/bin:/usr/local/php7.1.2/sbin:/usr/local/spark/spark-2.0.2-bin-hadoop2.7/bin:/usr/local/bin:/usr/bin:/bin:/usr/sbin:/sbin:/Applications/Server.app/Contents/ServerRoot/usr/bin:/Applications/Server.app/Contents/ServerRoot/usr/sbin:/Library/Frameworks/Mono.framework/Versions/Current/Commands:/Library/TeX/texbin:FFMPEG_Script:OPENCV_PATH:/usr/local/lib/pkg-config:/Applications/Jenkins/jenkins.war:/Users/admindyn/.rvm/bin"
    /Applications/Xcode.app/Contents/Developer/Toolchains/XcodeDefault.xctoolchain/usr/bin/clang -x objective-c -arch armv7 -fmessage-length=0 -fdiagnostics-show-note-include-stack -fmacro-backtrace-limit=0 -std=gnu99 -fobjc-arc -fmodules -gmodules -fmodules-cache-path=/Users/admindyn/Library/Developer/Xcode/DerivedData/ModuleCache -fmodules-prune-interval=86400 -fmodules-prune-after=345600 -fbuild-session-file=/Users/admindyn/Library/Developer/Xcode/DerivedData/ModuleCache/Session.modulevalidation -fmodules-validate-once-per-build-session -Wnon-modular-include-in-framework-module -Werror=non-modular-include-in-framework-module -Wno-trigraphs -fpascal-strings -Os -fno-common -Wno-missing-field-initializers -Wno-missing-prototypes -Werror=return-type -Wdocumentation -Wunreachable-code -Wno-implicit-atomic-properties -Werror=deprecated-objc-isa-usage -Werror=objc-root-class -Wno-arc-repeated-use-of-weak -Wduplicate-method-match -Wno-missing-braces -Wparentheses -Wswitch -Wunused-function -Wno-unused-label -Wno-unused-parameter -Wunused-variable -Wunused-value -Wempty-body -Wuninitialized -Wconditional-uninitialized -Wno-unknown-pragmas -Wno-shadow -Wno-four-char-constants -Wno-conversion -Wconstant-conversion -Wint-conversion -Wbool-conversion -Wenum-conversion -Wshorten-64-to-32 -Wpointer-sign -Wno-newline-eof -Wno-selector -Wno-strict-selector-match -Wundeclared-selector -Wno-deprecated-implementations -DNS_BLOCK_ASSERTIONS=1 -DOBJC_OLD_DISPATCH_PROTOTYPES=0 -isysroot /Applications/Xcode.app/Contents/Developer/Platforms/iPhoneOS.platform/Developer/SDKs/iPhoneOS10.3.sdk -fstrict-aliasing -Wprotocol -Wdeprecated-declarations -miphoneos-version-min=8.0 -g -fvisibility=hidden -Wno-sign-conversion -Winfinite-recursion -fembed-bitcode -iquote /Users/admindyn/Library/Developer/Xcode/DerivedData/JenKinTest-giudfoohkmpxfpgpcjjszczkexhg/Build/Intermediates/ArchiveIntermediates/JenKinTest/IntermediateBuildFilesPath/JenKinTest.build/Release-iphoneos/JenKinTest.build/JenKinTest-generated-files.hmap -I/Users/admindyn/Library/Developer/Xcode/DerivedData/JenKinTest-giudfoohkmpxfpgpcjjszczkexhg/Build/Intermediates/ArchiveIntermediates/JenKinTest/IntermediateBuildFilesPath/JenKinTest.build/Release-iphoneos/JenKinTest.build/JenKinTest-own-target-headers.hmap -I/Users/admindyn/Library/Developer/Xcode/DerivedData/JenKinTest-giudfoohkmpxfpgpcjjszczkexhg/Build/Intermediates/ArchiveIntermediates/JenKinTest/IntermediateBuildFilesPath/JenKinTest.build/Release-iphoneos/JenKinTest.build/JenKinTest-all-target-headers.hmap -iquote /Users/admindyn/Library/Developer/Xcode/DerivedData/JenKinTest-giudfoohkmpxfpgpcjjszczkexhg/Build/Intermediates/ArchiveIntermediates/JenKinTest/IntermediateBuildFilesPath/JenKinTest.build/Release-iphoneos/JenKinTest.build/JenKinTest-project-headers.hmap -I/Users/admindyn/Desktop/工作/集分宝项目工作目录/JenKinTest/IPAResults/Release-iphoneos/include -I/Users/admindyn/Library/Developer/Xcode/DerivedData/JenKinTest-giudfoohkmpxfpgpcjjszczkexhg/Build/Intermediates/ArchiveIntermediates/JenKinTest/IntermediateBuildFilesPath/JenKinTest.build/Release-iphoneos/JenKinTest.build/DerivedSources/armv7 -I/Users/admindyn/Library/Developer/Xcode/DerivedData/JenKinTest-giudfoohkmpxfpgpcjjszczkexhg/Build/Intermediates/ArchiveIntermediates/JenKinTest/IntermediateBuildFilesPath/JenKinTest.build/Release-iphoneos/JenKinTest.build/DerivedSources -F/Users/admindyn/Desktop/工作/集分宝项目工作目录/JenKinTest/IPAResults/Release-iphoneos -MMD -MT dependencies -MF /Users/admindyn/Library/Developer/Xcode/DerivedData/JenKinTest-giudfoohkmpxfpgpcjjszczkexhg/Build/Intermediates/ArchiveIntermediates/JenKinTest/IntermediateBuildFilesPath/JenKinTest.build/Release-iphoneos/JenKinTest.build/Objects-normal/armv7/ViewController.d --serialize-diagnostics /Users/admindyn/Library/Developer/Xcode/DerivedData/JenKinTest-giudfoohkmpxfpgpcjjszczkexhg/Build/Intermediates/ArchiveIntermediates/JenKinTest/IntermediateBuildFilesPath/JenKinTest.build/Release-iphoneos/JenKinTest.build/Objects-normal/armv7/ViewController.dia -c /Users/admindyn/Desktop/工作/集分宝项目工作目录/JenKinTest/JenKinTest/ViewController.m -o /Users/admindyn/Library/Developer/Xcode/DerivedData/JenKinTest-giudfoohkmpxfpgpcjjszczkexhg/Build/Intermediates/ArchiveIntermediates/JenKinTest/IntermediateBuildFilesPath/JenKinTest.build/Release-iphoneos/JenKinTest.build/Objects-normal/armv7/ViewController.o

CompileC /Users/admindyn/Library/Developer/Xcode/DerivedData/JenKinTest-giudfoohkmpxfpgpcjjszczkexhg/Build/Intermediates/ArchiveIntermediates/JenKinTest/IntermediateBuildFilesPath/JenKinTest.build/Release-iphoneos/JenKinTest.build/Objects-normal/armv7/AppDelegate.o JenKinTest/AppDelegate.m normal armv7 objective-c com.apple.compilers.llvm.clang.1_0.compiler
    cd /Users/admindyn/Desktop/工作/集分宝项目工作目录/JenKinTest
    export LANG=en_US.US-ASCII
    export PATH="/Applications/Xcode.app/Contents/Developer/Platforms/iPhoneOS.platform/Developer/usr/bin:/Applications/Xcode.app/Contents/Developer/usr/bin:/Users/admindyn/Desktop/cocos2d-x/cocos2d-x/templates:/Users/admindyn/Desktop/cocos2d-x:/Users/admindyn/Desktop/cocos2d-x/cocos2d-x/tools/cocos2d-console/bin:/Library/Frameworks/Python.framework/Versions/3.5/bin:/Users/admindyn/.rvm/gems/ruby-2.3.0/bin:/Users/admindyn/.rvm/gems/ruby-2.3.0@global/bin:/Users/admindyn/.rvm/rubies/ruby-2.3.0/bin:/usr/local/php7.1.2/bin:/usr/local/php7.1.2/sbin:/usr/local/spark/spark-2.0.2-bin-hadoop2.7/bin:/usr/local/bin:/usr/bin:/bin:/usr/sbin:/sbin:/Applications/Server.app/Contents/ServerRoot/usr/bin:/Applications/Server.app/Contents/ServerRoot/usr/sbin:/Library/Frameworks/Mono.framework/Versions/Current/Commands:/Library/TeX/texbin:FFMPEG_Script:OPENCV_PATH:/usr/local/lib/pkg-config:/Applications/Jenkins/jenkins.war:/Users/admindyn/.rvm/bin"
    /Applications/Xcode.app/Contents/Developer/Toolchains/XcodeDefault.xctoolchain/usr/bin/clang -x objective-c -arch armv7 -fmessage-length=0 -fdiagnostics-show-note-include-stack -fmacro-backtrace-limit=0 -std=gnu99 -fobjc-arc -fmodules -gmodules -fmodules-cache-path=/Users/admindyn/Library/Developer/Xcode/DerivedData/ModuleCache -fmodules-prune-interval=86400 -fmodules-prune-after=345600 -fbuild-session-file=/Users/admindyn/Library/Developer/Xcode/DerivedData/ModuleCache/Session.modulevalidation -fmodules-validate-once-per-build-session -Wnon-modular-include-in-framework-module -Werror=non-modular-include-in-framework-module -Wno-trigraphs -fpascal-strings -Os -fno-common -Wno-missing-field-initializers -Wno-missing-prototypes -Werror=return-type -Wdocumentation -Wunreachable-code -Wno-implicit-atomic-properties -Werror=deprecated-objc-isa-usage -Werror=objc-root-class -Wno-arc-repeated-use-of-weak -Wduplicate-method-match -Wno-missing-braces -Wparentheses -Wswitch -Wunused-function -Wno-unused-label -Wno-unused-parameter -Wunused-variable -Wunused-value -Wempty-body -Wuninitialized -Wconditional-uninitialized -Wno-unknown-pragmas -Wno-shadow -Wno-four-char-constants -Wno-conversion -Wconstant-conversion -Wint-conversion -Wbool-conversion -Wenum-conversion -Wshorten-64-to-32 -Wpointer-sign -Wno-newline-eof -Wno-selector -Wno-strict-selector-match -Wundeclared-selector -Wno-deprecated-implementations -DNS_BLOCK_ASSERTIONS=1 -DOBJC_OLD_DISPATCH_PROTOTYPES=0 -isysroot /Applications/Xcode.app/Contents/Developer/Platforms/iPhoneOS.platform/Developer/SDKs/iPhoneOS10.3.sdk -fstrict-aliasing -Wprotocol -Wdeprecated-declarations -miphoneos-version-min=8.0 -g -fvisibility=hidden -Wno-sign-conversion -Winfinite-recursion -fembed-bitcode -iquote /Users/admindyn/Library/Developer/Xcode/DerivedData/JenKinTest-giudfoohkmpxfpgpcjjszczkexhg/Build/Intermediates/ArchiveIntermediates/JenKinTest/IntermediateBuildFilesPath/JenKinTest.build/Release-iphoneos/JenKinTest.build/JenKinTest-generated-files.hmap -I/Users/admindyn/Library/Developer/Xcode/DerivedData/JenKinTest-giudfoohkmpxfpgpcjjszczkexhg/Build/Intermediates/ArchiveIntermediates/JenKinTest/IntermediateBuildFilesPath/JenKinTest.build/Release-iphoneos/JenKinTest.build/JenKinTest-own-target-headers.hmap -I/Users/admindyn/Library/Developer/Xcode/DerivedData/JenKinTest-giudfoohkmpxfpgpcjjszczkexhg/Build/Intermediates/ArchiveIntermediates/JenKinTest/IntermediateBuildFilesPath/JenKinTest.build/Release-iphoneos/JenKinTest.build/JenKinTest-all-target-headers.hmap -iquote /Users/admindyn/Library/Developer/Xcode/DerivedData/JenKinTest-giudfoohkmpxfpgpcjjszczkexhg/Build/Intermediates/ArchiveIntermediates/JenKinTest/IntermediateBuildFilesPath/JenKinTest.build/Release-iphoneos/JenKinTest.build/JenKinTest-project-headers.hmap -I/Users/admindyn/Desktop/工作/集分宝项目工作目录/JenKinTest/IPAResults/Release-iphoneos/include -I/Users/admindyn/Library/Developer/Xcode/DerivedData/JenKinTest-giudfoohkmpxfpgpcjjszczkexhg/Build/Intermediates/ArchiveIntermediates/JenKinTest/IntermediateBuildFilesPath/JenKinTest.build/Release-iphoneos/JenKinTest.build/DerivedSources/armv7 -I/Users/admindyn/Library/Developer/Xcode/DerivedData/JenKinTest-giudfoohkmpxfpgpcjjszczkexhg/Build/Intermediates/ArchiveIntermediates/JenKinTest/IntermediateBuildFilesPath/JenKinTest.build/Release-iphoneos/JenKinTest.build/DerivedSources -F/Users/admindyn/Desktop/工作/集分宝项目工作目录/JenKinTest/IPAResults/Release-iphoneos -MMD -MT dependencies -MF /Users/admindyn/Library/Developer/Xcode/DerivedData/JenKinTest-giudfoohkmpxfpgpcjjszczkexhg/Build/Intermediates/ArchiveIntermediates/JenKinTest/IntermediateBuildFilesPath/JenKinTest.build/Release-iphoneos/JenKinTest.build/Objects-normal/armv7/AppDelegate.d --serialize-diagnostics /Users/admindyn/Library/Developer/Xcode/DerivedData/JenKinTest-giudfoohkmpxfpgpcjjszczkexhg/Build/Intermediates/ArchiveIntermediates/JenKinTest/IntermediateBuildFilesPath/JenKinTest.build/Release-iphoneos/JenKinTest.build/Objects-normal/armv7/AppDelegate.dia -c /Users/admindyn/Desktop/工作/集分宝项目工作目录/JenKinTest/JenKinTest/AppDelegate.m -o /Users/admindyn/Library/Developer/Xcode/DerivedData/JenKinTest-giudfoohkmpxfpgpcjjszczkexhg/Build/Intermediates/ArchiveIntermediates/JenKinTest/IntermediateBuildFilesPath/JenKinTest.build/Release-iphoneos/JenKinTest.build/Objects-normal/armv7/AppDelegate.o

CompileC /Users/admindyn/Library/Developer/Xcode/DerivedData/JenKinTest-giudfoohkmpxfpgpcjjszczkexhg/Build/Intermediates/ArchiveIntermediates/JenKinTest/IntermediateBuildFilesPath/JenKinTest.build/Release-iphoneos/JenKinTest.build/Objects-normal/armv7/main.o JenKinTest/main.m normal armv7 objective-c com.apple.compilers.llvm.clang.1_0.compiler
    cd /Users/admindyn/Desktop/工作/集分宝项目工作目录/JenKinTest
    export LANG=en_US.US-ASCII
    export PATH="/Applications/Xcode.app/Contents/Developer/Platforms/iPhoneOS.platform/Developer/usr/bin:/Applications/Xcode.app/Contents/Developer/usr/bin:/Users/admindyn/Desktop/cocos2d-x/cocos2d-x/templates:/Users/admindyn/Desktop/cocos2d-x:/Users/admindyn/Desktop/cocos2d-x/cocos2d-x/tools/cocos2d-console/bin:/Library/Frameworks/Python.framework/Versions/3.5/bin:/Users/admindyn/.rvm/gems/ruby-2.3.0/bin:/Users/admindyn/.rvm/gems/ruby-2.3.0@global/bin:/Users/admindyn/.rvm/rubies/ruby-2.3.0/bin:/usr/local/php7.1.2/bin:/usr/local/php7.1.2/sbin:/usr/local/spark/spark-2.0.2-bin-hadoop2.7/bin:/usr/local/bin:/usr/bin:/bin:/usr/sbin:/sbin:/Applications/Server.app/Contents/ServerRoot/usr/bin:/Applications/Server.app/Contents/ServerRoot/usr/sbin:/Library/Frameworks/Mono.framework/Versions/Current/Commands:/Library/TeX/texbin:FFMPEG_Script:OPENCV_PATH:/usr/local/lib/pkg-config:/Applications/Jenkins/jenkins.war:/Users/admindyn/.rvm/bin"
    /Applications/Xcode.app/Contents/Developer/Toolchains/XcodeDefault.xctoolchain/usr/bin/clang -x objective-c -arch armv7 -fmessage-length=0 -fdiagnostics-show-note-include-stack -fmacro-backtrace-limit=0 -std=gnu99 -fobjc-arc -fmodules -gmodules -fmodules-cache-path=/Users/admindyn/Library/Developer/Xcode/DerivedData/ModuleCache -fmodules-prune-interval=86400 -fmodules-prune-after=345600 -fbuild-session-file=/Users/admindyn/Library/Developer/Xcode/DerivedData/ModuleCache/Session.modulevalidation -fmodules-validate-once-per-build-session -Wnon-modular-include-in-framework-module -Werror=non-modular-include-in-framework-module -Wno-trigraphs -fpascal-strings -Os -fno-common -Wno-missing-field-initializers -Wno-missing-prototypes -Werror=return-type -Wdocumentation -Wunreachable-code -Wno-implicit-atomic-properties -Werror=deprecated-objc-isa-usage -Werror=objc-root-class -Wno-arc-repeated-use-of-weak -Wduplicate-method-match -Wno-missing-braces -Wparentheses -Wswitch -Wunused-function -Wno-unused-label -Wno-unused-parameter -Wunused-variable -Wunused-value -Wempty-body -Wuninitialized -Wconditional-uninitialized -Wno-unknown-pragmas -Wno-shadow -Wno-four-char-constants -Wno-conversion -Wconstant-conversion -Wint-conversion -Wbool-conversion -Wenum-conversion -Wshorten-64-to-32 -Wpointer-sign -Wno-newline-eof -Wno-selector -Wno-strict-selector-match -Wundeclared-selector -Wno-deprecated-implementations -DNS_BLOCK_ASSERTIONS=1 -DOBJC_OLD_DISPATCH_PROTOTYPES=0 -isysroot /Applications/Xcode.app/Contents/Developer/Platforms/iPhoneOS.platform/Developer/SDKs/iPhoneOS10.3.sdk -fstrict-aliasing -Wprotocol -Wdeprecated-declarations -miphoneos-version-min=8.0 -g -fvisibility=hidden -Wno-sign-conversion -Winfinite-recursion -fembed-bitcode -iquote /Users/admindyn/Library/Developer/Xcode/DerivedData/JenKinTest-giudfoohkmpxfpgpcjjszczkexhg/Build/Intermediates/ArchiveIntermediates/JenKinTest/IntermediateBuildFilesPath/JenKinTest.build/Release-iphoneos/JenKinTest.build/JenKinTest-generated-files.hmap -I/Users/admindyn/Library/Developer/Xcode/DerivedData/JenKinTest-giudfoohkmpxfpgpcjjszczkexhg/Build/Intermediates/ArchiveIntermediates/JenKinTest/IntermediateBuildFilesPath/JenKinTest.build/Release-iphoneos/JenKinTest.build/JenKinTest-own-target-headers.hmap -I/Users/admindyn/Library/Developer/Xcode/DerivedData/JenKinTest-giudfoohkmpxfpgpcjjszczkexhg/Build/Intermediates/ArchiveIntermediates/JenKinTest/IntermediateBuildFilesPath/JenKinTest.build/Release-iphoneos/JenKinTest.build/JenKinTest-all-target-headers.hmap -iquote /Users/admindyn/Library/Developer/Xcode/DerivedData/JenKinTest-giudfoohkmpxfpgpcjjszczkexhg/Build/Intermediates/ArchiveIntermediates/JenKinTest/IntermediateBuildFilesPath/JenKinTest.build/Release-iphoneos/JenKinTest.build/JenKinTest-project-headers.hmap -I/Users/admindyn/Desktop/工作/集分宝项目工作目录/JenKinTest/IPAResults/Release-iphoneos/include -I/Users/admindyn/Library/Developer/Xcode/DerivedData/JenKinTest-giudfoohkmpxfpgpcjjszczkexhg/Build/Intermediates/ArchiveIntermediates/JenKinTest/IntermediateBuildFilesPath/JenKinTest.build/Release-iphoneos/JenKinTest.build/DerivedSources/armv7 -I/Users/admindyn/Library/Developer/Xcode/DerivedData/JenKinTest-giudfoohkmpxfpgpcjjszczkexhg/Build/Intermediates/ArchiveIntermediates/JenKinTest/IntermediateBuildFilesPath/JenKinTest.build/Release-iphoneos/JenKinTest.build/DerivedSources -F/Users/admindyn/Desktop/工作/集分宝项目工作目录/JenKinTest/IPAResults/Release-iphoneos -MMD -MT dependencies -MF /Users/admindyn/Library/Developer/Xcode/DerivedData/JenKinTest-giudfoohkmpxfpgpcjjszczkexhg/Build/Intermediates/ArchiveIntermediates/JenKinTest/IntermediateBuildFilesPath/JenKinTest.build/Release-iphoneos/JenKinTest.build/Objects-normal/armv7/main.d --serialize-diagnostics /Users/admindyn/Library/Developer/Xcode/DerivedData/JenKinTest-giudfoohkmpxfpgpcjjszczkexhg/Build/Intermediates/ArchiveIntermediates/JenKinTest/IntermediateBuildFilesPath/JenKinTest.build/Release-iphoneos/JenKinTest.build/Objects-normal/armv7/main.dia -c /Users/admindyn/Desktop/工作/集分宝项目工作目录/JenKinTest/JenKinTest/main.m -o /Users/admindyn/Library/Developer/Xcode/DerivedData/JenKinTest-giudfoohkmpxfpgpcjjszczkexhg/Build/Intermediates/ArchiveIntermediates/JenKinTest/IntermediateBuildFilesPath/JenKinTest.build/Release-iphoneos/JenKinTest.build/Objects-normal/armv7/main.o

CompileC /Users/admindyn/Library/Developer/Xcode/DerivedData/JenKinTest-giudfoohkmpxfpgpcjjszczkexhg/Build/Intermediates/ArchiveIntermediates/JenKinTest/IntermediateBuildFilesPath/JenKinTest.build/Release-iphoneos/JenKinTest.build/Objects-normal/arm64/ViewController.o JenKinTest/ViewController.m normal arm64 objective-c com.apple.compilers.llvm.clang.1_0.compiler
    cd /Users/admindyn/Desktop/工作/集分宝项目工作目录/JenKinTest
    export LANG=en_US.US-ASCII
    export PATH="/Applications/Xcode.app/Contents/Developer/Platforms/iPhoneOS.platform/Developer/usr/bin:/Applications/Xcode.app/Contents/Developer/usr/bin:/Users/admindyn/Desktop/cocos2d-x/cocos2d-x/templates:/Users/admindyn/Desktop/cocos2d-x:/Users/admindyn/Desktop/cocos2d-x/cocos2d-x/tools/cocos2d-console/bin:/Library/Frameworks/Python.framework/Versions/3.5/bin:/Users/admindyn/.rvm/gems/ruby-2.3.0/bin:/Users/admindyn/.rvm/gems/ruby-2.3.0@global/bin:/Users/admindyn/.rvm/rubies/ruby-2.3.0/bin:/usr/local/php7.1.2/bin:/usr/local/php7.1.2/sbin:/usr/local/spark/spark-2.0.2-bin-hadoop2.7/bin:/usr/local/bin:/usr/bin:/bin:/usr/sbin:/sbin:/Applications/Server.app/Contents/ServerRoot/usr/bin:/Applications/Server.app/Contents/ServerRoot/usr/sbin:/Library/Frameworks/Mono.framework/Versions/Current/Commands:/Library/TeX/texbin:FFMPEG_Script:OPENCV_PATH:/usr/local/lib/pkg-config:/Applications/Jenkins/jenkins.war:/Users/admindyn/.rvm/bin"
    /Applications/Xcode.app/Contents/Developer/Toolchains/XcodeDefault.xctoolchain/usr/bin/clang -x objective-c -arch arm64 -fmessage-length=0 -fdiagnostics-show-note-include-stack -fmacro-backtrace-limit=0 -std=gnu99 -fobjc-arc -fmodules -gmodules -fmodules-cache-path=/Users/admindyn/Library/Developer/Xcode/DerivedData/ModuleCache -fmodules-prune-interval=86400 -fmodules-prune-after=345600 -fbuild-session-file=/Users/admindyn/Library/Developer/Xcode/DerivedData/ModuleCache/Session.modulevalidation -fmodules-validate-once-per-build-session -Wnon-modular-include-in-framework-module -Werror=non-modular-include-in-framework-module -Wno-trigraphs -fpascal-strings -Os -fno-common -Wno-missing-field-initializers -Wno-missing-prototypes -Werror=return-type -Wdocumentation -Wunreachable-code -Wno-implicit-atomic-properties -Werror=deprecated-objc-isa-usage -Werror=objc-root-class -Wno-arc-repeated-use-of-weak -Wduplicate-method-match -Wno-missing-braces -Wparentheses -Wswitch -Wunused-function -Wno-unused-label -Wno-unused-parameter -Wunused-variable -Wunused-value -Wempty-body -Wuninitialized -Wconditional-uninitialized -Wno-unknown-pragmas -Wno-shadow -Wno-four-char-constants -Wno-conversion -Wconstant-conversion -Wint-conversion -Wbool-conversion -Wenum-conversion -Wshorten-64-to-32 -Wpointer-sign -Wno-newline-eof -Wno-selector -Wno-strict-selector-match -Wundeclared-selector -Wno-deprecated-implementations -DNS_BLOCK_ASSERTIONS=1 -DOBJC_OLD_DISPATCH_PROTOTYPES=0 -isysroot /Applications/Xcode.app/Contents/Developer/Platforms/iPhoneOS.platform/Developer/SDKs/iPhoneOS10.3.sdk -fstrict-aliasing -Wprotocol -Wdeprecated-declarations -miphoneos-version-min=8.0 -g -fvisibility=hidden -Wno-sign-conversion -Winfinite-recursion -fembed-bitcode -iquote /Users/admindyn/Library/Developer/Xcode/DerivedData/JenKinTest-giudfoohkmpxfpgpcjjszczkexhg/Build/Intermediates/ArchiveIntermediates/JenKinTest/IntermediateBuildFilesPath/JenKinTest.build/Release-iphoneos/JenKinTest.build/JenKinTest-generated-files.hmap -I/Users/admindyn/Library/Developer/Xcode/DerivedData/JenKinTest-giudfoohkmpxfpgpcjjszczkexhg/Build/Intermediates/ArchiveIntermediates/JenKinTest/IntermediateBuildFilesPath/JenKinTest.build/Release-iphoneos/JenKinTest.build/JenKinTest-own-target-headers.hmap -I/Users/admindyn/Library/Developer/Xcode/DerivedData/JenKinTest-giudfoohkmpxfpgpcjjszczkexhg/Build/Intermediates/ArchiveIntermediates/JenKinTest/IntermediateBuildFilesPath/JenKinTest.build/Release-iphoneos/JenKinTest.build/JenKinTest-all-target-headers.hmap -iquote /Users/admindyn/Library/Developer/Xcode/DerivedData/JenKinTest-giudfoohkmpxfpgpcjjszczkexhg/Build/Intermediates/ArchiveIntermediates/JenKinTest/IntermediateBuildFilesPath/JenKinTest.build/Release-iphoneos/JenKinTest.build/JenKinTest-project-headers.hmap -I/Users/admindyn/Desktop/工作/集分宝项目工作目录/JenKinTest/IPAResults/Release-iphoneos/include -I/Users/admindyn/Library/Developer/Xcode/DerivedData/JenKinTest-giudfoohkmpxfpgpcjjszczkexhg/Build/Intermediates/ArchiveIntermediates/JenKinTest/IntermediateBuildFilesPath/JenKinTest.build/Release-iphoneos/JenKinTest.build/DerivedSources/arm64 -I/Users/admindyn/Library/Developer/Xcode/DerivedData/JenKinTest-giudfoohkmpxfpgpcjjszczkexhg/Build/Intermediates/ArchiveIntermediates/JenKinTest/IntermediateBuildFilesPath/JenKinTest.build/Release-iphoneos/JenKinTest.build/DerivedSources -F/Users/admindyn/Desktop/工作/集分宝项目工作目录/JenKinTest/IPAResults/Release-iphoneos -MMD -MT dependencies -MF /Users/admindyn/Library/Developer/Xcode/DerivedData/JenKinTest-giudfoohkmpxfpgpcjjszczkexhg/Build/Intermediates/ArchiveIntermediates/JenKinTest/IntermediateBuildFilesPath/JenKinTest.build/Release-iphoneos/JenKinTest.build/Objects-normal/arm64/ViewController.d --serialize-diagnostics /Users/admindyn/Library/Developer/Xcode/DerivedData/JenKinTest-giudfoohkmpxfpgpcjjszczkexhg/Build/Intermediates/ArchiveIntermediates/JenKinTest/IntermediateBuildFilesPath/JenKinTest.build/Release-iphoneos/JenKinTest.build/Objects-normal/arm64/ViewController.dia -c /Users/admindyn/Desktop/工作/集分宝项目工作目录/JenKinTest/JenKinTest/ViewController.m -o /Users/admindyn/Library/Developer/Xcode/DerivedData/JenKinTest-giudfoohkmpxfpgpcjjszczkexhg/Build/Intermediates/ArchiveIntermediates/JenKinTest/IntermediateBuildFilesPath/JenKinTest.build/Release-iphoneos/JenKinTest.build/Objects-normal/arm64/ViewController.o

CompileC /Users/admindyn/Library/Developer/Xcode/DerivedData/JenKinTest-giudfoohkmpxfpgpcjjszczkexhg/Build/Intermediates/ArchiveIntermediates/JenKinTest/IntermediateBuildFilesPath/JenKinTest.build/Release-iphoneos/JenKinTest.build/Objects-normal/arm64/AppDelegate.o JenKinTest/AppDelegate.m normal arm64 objective-c com.apple.compilers.llvm.clang.1_0.compiler
    cd /Users/admindyn/Desktop/工作/集分宝项目工作目录/JenKinTest
    export LANG=en_US.US-ASCII
    export PATH="/Applications/Xcode.app/Contents/Developer/Platforms/iPhoneOS.platform/Developer/usr/bin:/Applications/Xcode.app/Contents/Developer/usr/bin:/Users/admindyn/Desktop/cocos2d-x/cocos2d-x/templates:/Users/admindyn/Desktop/cocos2d-x:/Users/admindyn/Desktop/cocos2d-x/cocos2d-x/tools/cocos2d-console/bin:/Library/Frameworks/Python.framework/Versions/3.5/bin:/Users/admindyn/.rvm/gems/ruby-2.3.0/bin:/Users/admindyn/.rvm/gems/ruby-2.3.0@global/bin:/Users/admindyn/.rvm/rubies/ruby-2.3.0/bin:/usr/local/php7.1.2/bin:/usr/local/php7.1.2/sbin:/usr/local/spark/spark-2.0.2-bin-hadoop2.7/bin:/usr/local/bin:/usr/bin:/bin:/usr/sbin:/sbin:/Applications/Server.app/Contents/ServerRoot/usr/bin:/Applications/Server.app/Contents/ServerRoot/usr/sbin:/Library/Frameworks/Mono.framework/Versions/Current/Commands:/Library/TeX/texbin:FFMPEG_Script:OPENCV_PATH:/usr/local/lib/pkg-config:/Applications/Jenkins/jenkins.war:/Users/admindyn/.rvm/bin"
    /Applications/Xcode.app/Contents/Developer/Toolchains/XcodeDefault.xctoolchain/usr/bin/clang -x objective-c -arch arm64 -fmessage-length=0 -fdiagnostics-show-note-include-stack -fmacro-backtrace-limit=0 -std=gnu99 -fobjc-arc -fmodules -gmodules -fmodules-cache-path=/Users/admindyn/Library/Developer/Xcode/DerivedData/ModuleCache -fmodules-prune-interval=86400 -fmodules-prune-after=345600 -fbuild-session-file=/Users/admindyn/Library/Developer/Xcode/DerivedData/ModuleCache/Session.modulevalidation -fmodules-validate-once-per-build-session -Wnon-modular-include-in-framework-module -Werror=non-modular-include-in-framework-module -Wno-trigraphs -fpascal-strings -Os -fno-common -Wno-missing-field-initializers -Wno-missing-prototypes -Werror=return-type -Wdocumentation -Wunreachable-code -Wno-implicit-atomic-properties -Werror=deprecated-objc-isa-usage -Werror=objc-root-class -Wno-arc-repeated-use-of-weak -Wduplicate-method-match -Wno-missing-braces -Wparentheses -Wswitch -Wunused-function -Wno-unused-label -Wno-unused-parameter -Wunused-variable -Wunused-value -Wempty-body -Wuninitialized -Wconditional-uninitialized -Wno-unknown-pragmas -Wno-shadow -Wno-four-char-constants -Wno-conversion -Wconstant-conversion -Wint-conversion -Wbool-conversion -Wenum-conversion -Wshorten-64-to-32 -Wpointer-sign -Wno-newline-eof -Wno-selector -Wno-strict-selector-match -Wundeclared-selector -Wno-deprecated-implementations -DNS_BLOCK_ASSERTIONS=1 -DOBJC_OLD_DISPATCH_PROTOTYPES=0 -isysroot /Applications/Xcode.app/Contents/Developer/Platforms/iPhoneOS.platform/Developer/SDKs/iPhoneOS10.3.sdk -fstrict-aliasing -Wprotocol -Wdeprecated-declarations -miphoneos-version-min=8.0 -g -fvisibility=hidden -Wno-sign-conversion -Winfinite-recursion -fembed-bitcode -iquote /Users/admindyn/Library/Developer/Xcode/DerivedData/JenKinTest-giudfoohkmpxfpgpcjjszczkexhg/Build/Intermediates/ArchiveIntermediates/JenKinTest/IntermediateBuildFilesPath/JenKinTest.build/Release-iphoneos/JenKinTest.build/JenKinTest-generated-files.hmap -I/Users/admindyn/Library/Developer/Xcode/DerivedData/JenKinTest-giudfoohkmpxfpgpcjjszczkexhg/Build/Intermediates/ArchiveIntermediates/JenKinTest/IntermediateBuildFilesPath/JenKinTest.build/Release-iphoneos/JenKinTest.build/JenKinTest-own-target-headers.hmap -I/Users/admindyn/Library/Developer/Xcode/DerivedData/JenKinTest-giudfoohkmpxfpgpcjjszczkexhg/Build/Intermediates/ArchiveIntermediates/JenKinTest/IntermediateBuildFilesPath/JenKinTest.build/Release-iphoneos/JenKinTest.build/JenKinTest-all-target-headers.hmap -iquote /Users/admindyn/Library/Developer/Xcode/DerivedData/JenKinTest-giudfoohkmpxfpgpcjjszczkexhg/Build/Intermediates/ArchiveIntermediates/JenKinTest/IntermediateBuildFilesPath/JenKinTest.build/Release-iphoneos/JenKinTest.build/JenKinTest-project-headers.hmap -I/Users/admindyn/Desktop/工作/集分宝项目工作目录/JenKinTest/IPAResults/Release-iphoneos/include -I/Users/admindyn/Library/Developer/Xcode/DerivedData/JenKinTest-giudfoohkmpxfpgpcjjszczkexhg/Build/Intermediates/ArchiveIntermediates/JenKinTest/IntermediateBuildFilesPath/JenKinTest.build/Release-iphoneos/JenKinTest.build/DerivedSources/arm64 -I/Users/admindyn/Library/Developer/Xcode/DerivedData/JenKinTest-giudfoohkmpxfpgpcjjszczkexhg/Build/Intermediates/ArchiveIntermediates/JenKinTest/IntermediateBuildFilesPath/JenKinTest.build/Release-iphoneos/JenKinTest.build/DerivedSources -F/Users/admindyn/Desktop/工作/集分宝项目工作目录/JenKinTest/IPAResults/Release-iphoneos -MMD -MT dependencies -MF /Users/admindyn/Library/Developer/Xcode/DerivedData/JenKinTest-giudfoohkmpxfpgpcjjszczkexhg/Build/Intermediates/ArchiveIntermediates/JenKinTest/IntermediateBuildFilesPath/JenKinTest.build/Release-iphoneos/JenKinTest.build/Objects-normal/arm64/AppDelegate.d --serialize-diagnostics /Users/admindyn/Library/Developer/Xcode/DerivedData/JenKinTest-giudfoohkmpxfpgpcjjszczkexhg/Build/Intermediates/ArchiveIntermediates/JenKinTest/IntermediateBuildFilesPath/JenKinTest.build/Release-iphoneos/JenKinTest.build/Objects-normal/arm64/AppDelegate.dia -c /Users/admindyn/Desktop/工作/集分宝项目工作目录/JenKinTest/JenKinTest/AppDelegate.m -o /Users/admindyn/Library/Developer/Xcode/DerivedData/JenKinTest-giudfoohkmpxfpgpcjjszczkexhg/Build/Intermediates/ArchiveIntermediates/JenKinTest/IntermediateBuildFilesPath/JenKinTest.build/Release-iphoneos/JenKinTest.build/Objects-normal/arm64/AppDelegate.o

CompileC /Users/admindyn/Library/Developer/Xcode/DerivedData/JenKinTest-giudfoohkmpxfpgpcjjszczkexhg/Build/Intermediates/ArchiveIntermediates/JenKinTest/IntermediateBuildFilesPath/JenKinTest.build/Release-iphoneos/JenKinTest.build/Objects-normal/arm64/main.o JenKinTest/main.m normal arm64 objective-c com.apple.compilers.llvm.clang.1_0.compiler
    cd /Users/admindyn/Desktop/工作/集分宝项目工作目录/JenKinTest
    export LANG=en_US.US-ASCII
    export PATH="/Applications/Xcode.app/Contents/Developer/Platforms/iPhoneOS.platform/Developer/usr/bin:/Applications/Xcode.app/Contents/Developer/usr/bin:/Users/admindyn/Desktop/cocos2d-x/cocos2d-x/templates:/Users/admindyn/Desktop/cocos2d-x:/Users/admindyn/Desktop/cocos2d-x/cocos2d-x/tools/cocos2d-console/bin:/Library/Frameworks/Python.framework/Versions/3.5/bin:/Users/admindyn/.rvm/gems/ruby-2.3.0/bin:/Users/admindyn/.rvm/gems/ruby-2.3.0@global/bin:/Users/admindyn/.rvm/rubies/ruby-2.3.0/bin:/usr/local/php7.1.2/bin:/usr/local/php7.1.2/sbin:/usr/local/spark/spark-2.0.2-bin-hadoop2.7/bin:/usr/local/bin:/usr/bin:/bin:/usr/sbin:/sbin:/Applications/Server.app/Contents/ServerRoot/usr/bin:/Applications/Server.app/Contents/ServerRoot/usr/sbin:/Library/Frameworks/Mono.framework/Versions/Current/Commands:/Library/TeX/texbin:FFMPEG_Script:OPENCV_PATH:/usr/local/lib/pkg-config:/Applications/Jenkins/jenkins.war:/Users/admindyn/.rvm/bin"
    /Applications/Xcode.app/Contents/Developer/Toolchains/XcodeDefault.xctoolchain/usr/bin/clang -x objective-c -arch arm64 -fmessage-length=0 -fdiagnostics-show-note-include-stack -fmacro-backtrace-limit=0 -std=gnu99 -fobjc-arc -fmodules -gmodules -fmodules-cache-path=/Users/admindyn/Library/Developer/Xcode/DerivedData/ModuleCache -fmodules-prune-interval=86400 -fmodules-prune-after=345600 -fbuild-session-file=/Users/admindyn/Library/Developer/Xcode/DerivedData/ModuleCache/Session.modulevalidation -fmodules-validate-once-per-build-session -Wnon-modular-include-in-framework-module -Werror=non-modular-include-in-framework-module -Wno-trigraphs -fpascal-strings -Os -fno-common -Wno-missing-field-initializers -Wno-missing-prototypes -Werror=return-type -Wdocumentation -Wunreachable-code -Wno-implicit-atomic-properties -Werror=deprecated-objc-isa-usage -Werror=objc-root-class -Wno-arc-repeated-use-of-weak -Wduplicate-method-match -Wno-missing-braces -Wparentheses -Wswitch -Wunused-function -Wno-unused-label -Wno-unused-parameter -Wunused-variable -Wunused-value -Wempty-body -Wuninitialized -Wconditional-uninitialized -Wno-unknown-pragmas -Wno-shadow -Wno-four-char-constants -Wno-conversion -Wconstant-conversion -Wint-conversion -Wbool-conversion -Wenum-conversion -Wshorten-64-to-32 -Wpointer-sign -Wno-newline-eof -Wno-selector -Wno-strict-selector-match -Wundeclared-selector -Wno-deprecated-implementations -DNS_BLOCK_ASSERTIONS=1 -DOBJC_OLD_DISPATCH_PROTOTYPES=0 -isysroot /Applications/Xcode.app/Contents/Developer/Platforms/iPhoneOS.platform/Developer/SDKs/iPhoneOS10.3.sdk -fstrict-aliasing -Wprotocol -Wdeprecated-declarations -miphoneos-version-min=8.0 -g -fvisibility=hidden -Wno-sign-conversion -Winfinite-recursion -fembed-bitcode -iquote /Users/admindyn/Library/Developer/Xcode/DerivedData/JenKinTest-giudfoohkmpxfpgpcjjszczkexhg/Build/Intermediates/ArchiveIntermediates/JenKinTest/IntermediateBuildFilesPath/JenKinTest.build/Release-iphoneos/JenKinTest.build/JenKinTest-generated-files.hmap -I/Users/admindyn/Library/Developer/Xcode/DerivedData/JenKinTest-giudfoohkmpxfpgpcjjszczkexhg/Build/Intermediates/ArchiveIntermediates/JenKinTest/IntermediateBuildFilesPath/JenKinTest.build/Release-iphoneos/JenKinTest.build/JenKinTest-own-target-headers.hmap -I/Users/admindyn/Library/Developer/Xcode/DerivedData/JenKinTest-giudfoohkmpxfpgpcjjszczkexhg/Build/Intermediates/ArchiveIntermediates/JenKinTest/IntermediateBuildFilesPath/JenKinTest.build/Release-iphoneos/JenKinTest.build/JenKinTest-all-target-headers.hmap -iquote /Users/admindyn/Library/Developer/Xcode/DerivedData/JenKinTest-giudfoohkmpxfpgpcjjszczkexhg/Build/Intermediates/ArchiveIntermediates/JenKinTest/IntermediateBuildFilesPath/JenKinTest.build/Release-iphoneos/JenKinTest.build/JenKinTest-project-headers.hmap -I/Users/admindyn/Desktop/工作/集分宝项目工作目录/JenKinTest/IPAResults/Release-iphoneos/include -I/Users/admindyn/Library/Developer/Xcode/DerivedData/JenKinTest-giudfoohkmpxfpgpcjjszczkexhg/Build/Intermediates/ArchiveIntermediates/JenKinTest/IntermediateBuildFilesPath/JenKinTest.build/Release-iphoneos/JenKinTest.build/DerivedSources/arm64 -I/Users/admindyn/Library/Developer/Xcode/DerivedData/JenKinTest-giudfoohkmpxfpgpcjjszczkexhg/Build/Intermediates/ArchiveIntermediates/JenKinTest/IntermediateBuildFilesPath/JenKinTest.build/Release-iphoneos/JenKinTest.build/DerivedSources -F/Users/admindyn/Desktop/工作/集分宝项目工作目录/JenKinTest/IPAResults/Release-iphoneos -MMD -MT dependencies -MF /Users/admindyn/Library/Developer/Xcode/DerivedData/JenKinTest-giudfoohkmpxfpgpcjjszczkexhg/Build/Intermediates/ArchiveIntermediates/JenKinTest/IntermediateBuildFilesPath/JenKinTest.build/Release-iphoneos/JenKinTest.build/Objects-normal/arm64/main.d --serialize-diagnostics /Users/admindyn/Library/Developer/Xcode/DerivedData/JenKinTest-giudfoohkmpxfpgpcjjszczkexhg/Build/Intermediates/ArchiveIntermediates/JenKinTest/IntermediateBuildFilesPath/JenKinTest.build/Release-iphoneos/JenKinTest.build/Objects-normal/arm64/main.dia -c /Users/admindyn/Desktop/工作/集分宝项目工作目录/JenKinTest/JenKinTest/main.m -o /Users/admindyn/Library/Developer/Xcode/DerivedData/JenKinTest-giudfoohkmpxfpgpcjjszczkexhg/Build/Intermediates/ArchiveIntermediates/JenKinTest/IntermediateBuildFilesPath/JenKinTest.build/Release-iphoneos/JenKinTest.build/Objects-normal/arm64/main.o

Ld /Users/admindyn/Library/Developer/Xcode/DerivedData/JenKinTest-giudfoohkmpxfpgpcjjszczkexhg/Build/Intermediates/ArchiveIntermediates/JenKinTest/IntermediateBuildFilesPath/JenKinTest.build/Release-iphoneos/JenKinTest.build/Objects-normal/arm64/JenKinTest normal arm64
    cd /Users/admindyn/Desktop/工作/集分宝项目工作目录/JenKinTest
    export IPHONEOS_DEPLOYMENT_TARGET=8.0
    export PATH="/Applications/Xcode.app/Contents/Developer/Platforms/iPhoneOS.platform/Developer/usr/bin:/Applications/Xcode.app/Contents/Developer/usr/bin:/Users/admindyn/Desktop/cocos2d-x/cocos2d-x/templates:/Users/admindyn/Desktop/cocos2d-x:/Users/admindyn/Desktop/cocos2d-x/cocos2d-x/tools/cocos2d-console/bin:/Library/Frameworks/Python.framework/Versions/3.5/bin:/Users/admindyn/.rvm/gems/ruby-2.3.0/bin:/Users/admindyn/.rvm/gems/ruby-2.3.0@global/bin:/Users/admindyn/.rvm/rubies/ruby-2.3.0/bin:/usr/local/php7.1.2/bin:/usr/local/php7.1.2/sbin:/usr/local/spark/spark-2.0.2-bin-hadoop2.7/bin:/usr/local/bin:/usr/bin:/bin:/usr/sbin:/sbin:/Applications/Server.app/Contents/ServerRoot/usr/bin:/Applications/Server.app/Contents/ServerRoot/usr/sbin:/Library/Frameworks/Mono.framework/Versions/Current/Commands:/Library/TeX/texbin:FFMPEG_Script:OPENCV_PATH:/usr/local/lib/pkg-config:/Applications/Jenkins/jenkins.war:/Users/admindyn/.rvm/bin"
    /Applications/Xcode.app/Contents/Developer/Toolchains/XcodeDefault.xctoolchain/usr/bin/clang -arch arm64 -isysroot /Applications/Xcode.app/Contents/Developer/Platforms/iPhoneOS.platform/Developer/SDKs/iPhoneOS10.3.sdk -L/Users/admindyn/Desktop/工作/集分宝项目工作目录/JenKinTest/IPAResults/Release-iphoneos -F/Users/admindyn/Desktop/工作/集分宝项目工作目录/JenKinTest/IPAResults/Release-iphoneos -filelist /Users/admindyn/Library/Developer/Xcode/DerivedData/JenKinTest-giudfoohkmpxfpgpcjjszczkexhg/Build/Intermediates/ArchiveIntermediates/JenKinTest/IntermediateBuildFilesPath/JenKinTest.build/Release-iphoneos/JenKinTest.build/Objects-normal/arm64/JenKinTest.LinkFileList -Xlinker -rpath -Xlinker @executable_path/Frameworks -miphoneos-version-min=8.0 -dead_strip -Xlinker -object_path_lto -Xlinker /Users/admindyn/Library/Developer/Xcode/DerivedData/JenKinTest-giudfoohkmpxfpgpcjjszczkexhg/Build/Intermediates/ArchiveIntermediates/JenKinTest/IntermediateBuildFilesPath/JenKinTest.build/Release-iphoneos/JenKinTest.build/Objects-normal/arm64/JenKinTest_lto.o -fembed-bitcode -Xlinker -bitcode_verify -Xlinker -bitcode_hide_symbols -Xlinker -bitcode_symbol_map -Xlinker /Users/admindyn/Desktop/工作/集分宝项目工作目录/JenKinTest/IPAResults/Release-iphoneos -Xlinker -final_output -Xlinker /Applications/JenKinTest.app/JenKinTest -fobjc-arc -fobjc-link-runtime -Xlinker -dependency_info -Xlinker /Users/admindyn/Library/Developer/Xcode/DerivedData/JenKinTest-giudfoohkmpxfpgpcjjszczkexhg/Build/Intermediates/ArchiveIntermediates/JenKinTest/IntermediateBuildFilesPath/JenKinTest.build/Release-iphoneos/JenKinTest.build/Objects-normal/arm64/JenKinTest_dependency_info.dat -o /Users/admindyn/Library/Developer/Xcode/DerivedData/JenKinTest-giudfoohkmpxfpgpcjjszczkexhg/Build/Intermediates/ArchiveIntermediates/JenKinTest/IntermediateBuildFilesPath/JenKinTest.build/Release-iphoneos/JenKinTest.build/Objects-normal/arm64/JenKinTest

Ld /Users/admindyn/Library/Developer/Xcode/DerivedData/JenKinTest-giudfoohkmpxfpgpcjjszczkexhg/Build/Intermediates/ArchiveIntermediates/JenKinTest/IntermediateBuildFilesPath/JenKinTest.build/Release-iphoneos/JenKinTest.build/Objects-normal/armv7/JenKinTest normal armv7
    cd /Users/admindyn/Desktop/工作/集分宝项目工作目录/JenKinTest
    export IPHONEOS_DEPLOYMENT_TARGET=8.0
    export PATH="/Applications/Xcode.app/Contents/Developer/Platforms/iPhoneOS.platform/Developer/usr/bin:/Applications/Xcode.app/Contents/Developer/usr/bin:/Users/admindyn/Desktop/cocos2d-x/cocos2d-x/templates:/Users/admindyn/Desktop/cocos2d-x:/Users/admindyn/Desktop/cocos2d-x/cocos2d-x/tools/cocos2d-console/bin:/Library/Frameworks/Python.framework/Versions/3.5/bin:/Users/admindyn/.rvm/gems/ruby-2.3.0/bin:/Users/admindyn/.rvm/gems/ruby-2.3.0@global/bin:/Users/admindyn/.rvm/rubies/ruby-2.3.0/bin:/usr/local/php7.1.2/bin:/usr/local/php7.1.2/sbin:/usr/local/spark/spark-2.0.2-bin-hadoop2.7/bin:/usr/local/bin:/usr/bin:/bin:/usr/sbin:/sbin:/Applications/Server.app/Contents/ServerRoot/usr/bin:/Applications/Server.app/Contents/ServerRoot/usr/sbin:/Library/Frameworks/Mono.framework/Versions/Current/Commands:/Library/TeX/texbin:FFMPEG_Script:OPENCV_PATH:/usr/local/lib/pkg-config:/Applications/Jenkins/jenkins.war:/Users/admindyn/.rvm/bin"
    /Applications/Xcode.app/Contents/Developer/Toolchains/XcodeDefault.xctoolchain/usr/bin/clang -arch armv7 -isysroot /Applications/Xcode.app/Contents/Developer/Platforms/iPhoneOS.platform/Developer/SDKs/iPhoneOS10.3.sdk -L/Users/admindyn/Desktop/工作/集分宝项目工作目录/JenKinTest/IPAResults/Release-iphoneos -F/Users/admindyn/Desktop/工作/集分宝项目工作目录/JenKinTest/IPAResults/Release-iphoneos -filelist /Users/admindyn/Library/Developer/Xcode/DerivedData/JenKinTest-giudfoohkmpxfpgpcjjszczkexhg/Build/Intermediates/ArchiveIntermediates/JenKinTest/IntermediateBuildFilesPath/JenKinTest.build/Release-iphoneos/JenKinTest.build/Objects-normal/armv7/JenKinTest.LinkFileList -Xlinker -rpath -Xlinker @executable_path/Frameworks -miphoneos-version-min=8.0 -dead_strip -Xlinker -object_path_lto -Xlinker /Users/admindyn/Library/Developer/Xcode/DerivedData/JenKinTest-giudfoohkmpxfpgpcjjszczkexhg/Build/Intermediates/ArchiveIntermediates/JenKinTest/IntermediateBuildFilesPath/JenKinTest.build/Release-iphoneos/JenKinTest.build/Objects-normal/armv7/JenKinTest_lto.o -fembed-bitcode -Xlinker -bitcode_verify -Xlinker -bitcode_hide_symbols -Xlinker -bitcode_symbol_map -Xlinker /Users/admindyn/Desktop/工作/集分宝项目工作目录/JenKinTest/IPAResults/Release-iphoneos -Xlinker -final_output -Xlinker /Applications/JenKinTest.app/JenKinTest -fobjc-arc -fobjc-link-runtime -Xlinker -dependency_info -Xlinker /Users/admindyn/Library/Developer/Xcode/DerivedData/JenKinTest-giudfoohkmpxfpgpcjjszczkexhg/Build/Intermediates/ArchiveIntermediates/JenKinTest/IntermediateBuildFilesPath/JenKinTest.build/Release-iphoneos/JenKinTest.build/Objects-normal/armv7/JenKinTest_dependency_info.dat -o /Users/admindyn/Library/Developer/Xcode/DerivedData/JenKinTest-giudfoohkmpxfpgpcjjszczkexhg/Build/Intermediates/ArchiveIntermediates/JenKinTest/IntermediateBuildFilesPath/JenKinTest.build/Release-iphoneos/JenKinTest.build/Objects-normal/armv7/JenKinTest

CreateUniversalBinary /Users/admindyn/Library/Developer/Xcode/DerivedData/JenKinTest-giudfoohkmpxfpgpcjjszczkexhg/Build/Intermediates/ArchiveIntermediates/JenKinTest/InstallationBuildProductsLocation/Applications/JenKinTest.app/JenKinTest normal armv7\ arm64
    cd /Users/admindyn/Desktop/工作/集分宝项目工作目录/JenKinTest
    export PATH="/Applications/Xcode.app/Contents/Developer/Platforms/iPhoneOS.platform/Developer/usr/bin:/Applications/Xcode.app/Contents/Developer/usr/bin:/Users/admindyn/Desktop/cocos2d-x/cocos2d-x/templates:/Users/admindyn/Desktop/cocos2d-x:/Users/admindyn/Desktop/cocos2d-x/cocos2d-x/tools/cocos2d-console/bin:/Library/Frameworks/Python.framework/Versions/3.5/bin:/Users/admindyn/.rvm/gems/ruby-2.3.0/bin:/Users/admindyn/.rvm/gems/ruby-2.3.0@global/bin:/Users/admindyn/.rvm/rubies/ruby-2.3.0/bin:/usr/local/php7.1.2/bin:/usr/local/php7.1.2/sbin:/usr/local/spark/spark-2.0.2-bin-hadoop2.7/bin:/usr/local/bin:/usr/bin:/bin:/usr/sbin:/sbin:/Applications/Server.app/Contents/ServerRoot/usr/bin:/Applications/Server.app/Contents/ServerRoot/usr/sbin:/Library/Frameworks/Mono.framework/Versions/Current/Commands:/Library/TeX/texbin:FFMPEG_Script:OPENCV_PATH:/usr/local/lib/pkg-config:/Applications/Jenkins/jenkins.war:/Users/admindyn/.rvm/bin"
    /Applications/Xcode.app/Contents/Developer/Toolchains/XcodeDefault.xctoolchain/usr/bin/lipo -create /Users/admindyn/Library/Developer/Xcode/DerivedData/JenKinTest-giudfoohkmpxfpgpcjjszczkexhg/Build/Intermediates/ArchiveIntermediates/JenKinTest/IntermediateBuildFilesPath/JenKinTest.build/Release-iphoneos/JenKinTest.build/Objects-normal/armv7/JenKinTest /Users/admindyn/Library/Developer/Xcode/DerivedData/JenKinTest-giudfoohkmpxfpgpcjjszczkexhg/Build/Intermediates/ArchiveIntermediates/JenKinTest/IntermediateBuildFilesPath/JenKinTest.build/Release-iphoneos/JenKinTest.build/Objects-normal/arm64/JenKinTest -output /Users/admindyn/Library/Developer/Xcode/DerivedData/JenKinTest-giudfoohkmpxfpgpcjjszczkexhg/Build/Intermediates/ArchiveIntermediates/JenKinTest/InstallationBuildProductsLocation/Applications/JenKinTest.app/JenKinTest

CompileAssetCatalog /Users/admindyn/Library/Developer/Xcode/DerivedData/JenKinTest-giudfoohkmpxfpgpcjjszczkexhg/Build/Intermediates/ArchiveIntermediates/JenKinTest/InstallationBuildProductsLocation/Applications/JenKinTest.app JenKinTest/Assets.xcassets
    cd /Users/admindyn/Desktop/工作/集分宝项目工作目录/JenKinTest
    export PATH="/Applications/Xcode.app/Contents/Developer/Platforms/iPhoneOS.platform/Developer/usr/bin:/Applications/Xcode.app/Contents/Developer/usr/bin:/Users/admindyn/Desktop/cocos2d-x/cocos2d-x/templates:/Users/admindyn/Desktop/cocos2d-x:/Users/admindyn/Desktop/cocos2d-x/cocos2d-x/tools/cocos2d-console/bin:/Library/Frameworks/Python.framework/Versions/3.5/bin:/Users/admindyn/.rvm/gems/ruby-2.3.0/bin:/Users/admindyn/.rvm/gems/ruby-2.3.0@global/bin:/Users/admindyn/.rvm/rubies/ruby-2.3.0/bin:/usr/local/php7.1.2/bin:/usr/local/php7.1.2/sbin:/usr/local/spark/spark-2.0.2-bin-hadoop2.7/bin:/usr/local/bin:/usr/bin:/bin:/usr/sbin:/sbin:/Applications/Server.app/Contents/ServerRoot/usr/bin:/Applications/Server.app/Contents/ServerRoot/usr/sbin:/Library/Frameworks/Mono.framework/Versions/Current/Commands:/Library/TeX/texbin:FFMPEG_Script:OPENCV_PATH:/usr/local/lib/pkg-config:/Applications/Jenkins/jenkins.war:/Users/admindyn/.rvm/bin"
    /Applications/Xcode.app/Contents/Developer/usr/bin/actool --output-format human-readable-text --notices --warnings --export-dependency-info /Users/admindyn/Library/Developer/Xcode/DerivedData/JenKinTest-giudfoohkmpxfpgpcjjszczkexhg/Build/Intermediates/ArchiveIntermediates/JenKinTest/IntermediateBuildFilesPath/JenKinTest.build/Release-iphoneos/JenKinTest.build/assetcatalog_dependencies --output-partial-info-plist /Users/admindyn/Library/Developer/Xcode/DerivedData/JenKinTest-giudfoohkmpxfpgpcjjszczkexhg/Build/Intermediates/ArchiveIntermediates/JenKinTest/IntermediateBuildFilesPath/JenKinTest.build/Release-iphoneos/JenKinTest.build/assetcatalog_generated_info.plist --app-icon AppIcon --compress-pngs --enable-on-demand-resources YES --sticker-pack-identifier-prefix com.bjcric1.demo.sticker-pack. --target-device iphone --minimum-deployment-target 8.0 --platform iphoneos --product-type com.apple.product-type.application --compile /Users/admindyn/Library/Developer/Xcode/DerivedData/JenKinTest-giudfoohkmpxfpgpcjjszczkexhg/Build/Intermediates/ArchiveIntermediates/JenKinTest/InstallationBuildProductsLocation/Applications/JenKinTest.app /Users/admindyn/Desktop/工作/集分宝项目工作目录/JenKinTest/JenKinTest/Assets.xcassets
/* com.apple.actool.compilation-results */
/Users/admindyn/Library/Developer/Xcode/DerivedData/JenKinTest-giudfoohkmpxfpgpcjjszczkexhg/Build/Intermediates/ArchiveIntermediates/JenKinTest/IntermediateBuildFilesPath/JenKinTest.build/Release-iphoneos/JenKinTest.build/assetcatalog_generated_info.plist


CompileStoryboard JenKinTest/Base.lproj/LaunchScreen.storyboard
    cd /Users/admindyn/Desktop/工作/集分宝项目工作目录/JenKinTest
    export PATH="/Applications/Xcode.app/Contents/Developer/Platforms/iPhoneOS.platform/Developer/usr/bin:/Applications/Xcode.app/Contents/Developer/usr/bin:/Users/admindyn/Desktop/cocos2d-x/cocos2d-x/templates:/Users/admindyn/Desktop/cocos2d-x:/Users/admindyn/Desktop/cocos2d-x/cocos2d-x/tools/cocos2d-console/bin:/Library/Frameworks/Python.framework/Versions/3.5/bin:/Users/admindyn/.rvm/gems/ruby-2.3.0/bin:/Users/admindyn/.rvm/gems/ruby-2.3.0@global/bin:/Users/admindyn/.rvm/rubies/ruby-2.3.0/bin:/usr/local/php7.1.2/bin:/usr/local/php7.1.2/sbin:/usr/local/spark/spark-2.0.2-bin-hadoop2.7/bin:/usr/local/bin:/usr/bin:/bin:/usr/sbin:/sbin:/Applications/Server.app/Contents/ServerRoot/usr/bin:/Applications/Server.app/Contents/ServerRoot/usr/sbin:/Library/Frameworks/Mono.framework/Versions/Current/Commands:/Library/TeX/texbin:FFMPEG_Script:OPENCV_PATH:/usr/local/lib/pkg-config:/Applications/Jenkins/jenkins.war:/Users/admindyn/.rvm/bin"
    export XCODE_DEVELOPER_USR_PATH=/Applications/Xcode.app/Contents/Developer/usr/bin/..
    /Applications/Xcode.app/Contents/Developer/usr/bin/ibtool --errors --warnings --notices --module JenKinTest --output-partial-info-plist /Users/admindyn/Library/Developer/Xcode/DerivedData/JenKinTest-giudfoohkmpxfpgpcjjszczkexhg/Build/Intermediates/ArchiveIntermediates/JenKinTest/IntermediateBuildFilesPath/JenKinTest.build/Release-iphoneos/JenKinTest.build/LaunchScreen-SBPartialInfo.plist --auto-activate-custom-fonts --target-device iphone --minimum-deployment-target 8.0 --output-format human-readable-text --compilation-directory /Users/admindyn/Library/Developer/Xcode/DerivedData/JenKinTest-giudfoohkmpxfpgpcjjszczkexhg/Build/Intermediates/ArchiveIntermediates/JenKinTest/IntermediateBuildFilesPath/JenKinTest.build/Release-iphoneos/JenKinTest.build/Base.lproj /Users/admindyn/Desktop/工作/集分宝项目工作目录/JenKinTest/JenKinTest/Base.lproj/LaunchScreen.storyboard

CompileStoryboard JenKinTest/Base.lproj/Main.storyboard
    cd /Users/admindyn/Desktop/工作/集分宝项目工作目录/JenKinTest
    export PATH="/Applications/Xcode.app/Contents/Developer/Platforms/iPhoneOS.platform/Developer/usr/bin:/Applications/Xcode.app/Contents/Developer/usr/bin:/Users/admindyn/Desktop/cocos2d-x/cocos2d-x/templates:/Users/admindyn/Desktop/cocos2d-x:/Users/admindyn/Desktop/cocos2d-x/cocos2d-x/tools/cocos2d-console/bin:/Library/Frameworks/Python.framework/Versions/3.5/bin:/Users/admindyn/.rvm/gems/ruby-2.3.0/bin:/Users/admindyn/.rvm/gems/ruby-2.3.0@global/bin:/Users/admindyn/.rvm/rubies/ruby-2.3.0/bin:/usr/local/php7.1.2/bin:/usr/local/php7.1.2/sbin:/usr/local/spark/spark-2.0.2-bin-hadoop2.7/bin:/usr/local/bin:/usr/bin:/bin:/usr/sbin:/sbin:/Applications/Server.app/Contents/ServerRoot/usr/bin:/Applications/Server.app/Contents/ServerRoot/usr/sbin:/Library/Frameworks/Mono.framework/Versions/Current/Commands:/Library/TeX/texbin:FFMPEG_Script:OPENCV_PATH:/usr/local/lib/pkg-config:/Applications/Jenkins/jenkins.war:/Users/admindyn/.rvm/bin"
    export XCODE_DEVELOPER_USR_PATH=/Applications/Xcode.app/Contents/Developer/usr/bin/..
    /Applications/Xcode.app/Contents/Developer/usr/bin/ibtool --errors --warnings --notices --module JenKinTest --output-partial-info-plist /Users/admindyn/Library/Developer/Xcode/DerivedData/JenKinTest-giudfoohkmpxfpgpcjjszczkexhg/Build/Intermediates/ArchiveIntermediates/JenKinTest/IntermediateBuildFilesPath/JenKinTest.build/Release-iphoneos/JenKinTest.build/Main-SBPartialInfo.plist --auto-activate-custom-fonts --target-device iphone --minimum-deployment-target 8.0 --output-format human-readable-text --compilation-directory /Users/admindyn/Library/Developer/Xcode/DerivedData/JenKinTest-giudfoohkmpxfpgpcjjszczkexhg/Build/Intermediates/ArchiveIntermediates/JenKinTest/IntermediateBuildFilesPath/JenKinTest.build/Release-iphoneos/JenKinTest.build/Base.lproj /Users/admindyn/Desktop/工作/集分宝项目工作目录/JenKinTest/JenKinTest/Base.lproj/Main.storyboard

ProcessInfoPlistFile /Users/admindyn/Library/Developer/Xcode/DerivedData/JenKinTest-giudfoohkmpxfpgpcjjszczkexhg/Build/Intermediates/ArchiveIntermediates/JenKinTest/InstallationBuildProductsLocation/Applications/JenKinTest.app/Info.plist JenKinTest/Info.plist
    cd /Users/admindyn/Desktop/工作/集分宝项目工作目录/JenKinTest
    export PATH="/Applications/Xcode.app/Contents/Developer/Platforms/iPhoneOS.platform/Developer/usr/bin:/Applications/Xcode.app/Contents/Developer/usr/bin:/Users/admindyn/Desktop/cocos2d-x/cocos2d-x/templates:/Users/admindyn/Desktop/cocos2d-x:/Users/admindyn/Desktop/cocos2d-x/cocos2d-x/tools/cocos2d-console/bin:/Library/Frameworks/Python.framework/Versions/3.5/bin:/Users/admindyn/.rvm/gems/ruby-2.3.0/bin:/Users/admindyn/.rvm/gems/ruby-2.3.0@global/bin:/Users/admindyn/.rvm/rubies/ruby-2.3.0/bin:/usr/local/php7.1.2/bin:/usr/local/php7.1.2/sbin:/usr/local/spark/spark-2.0.2-bin-hadoop2.7/bin:/usr/local/bin:/usr/bin:/bin:/usr/sbin:/sbin:/Applications/Server.app/Contents/ServerRoot/usr/bin:/Applications/Server.app/Contents/ServerRoot/usr/sbin:/Library/Frameworks/Mono.framework/Versions/Current/Commands:/Library/TeX/texbin:FFMPEG_Script:OPENCV_PATH:/usr/local/lib/pkg-config:/Applications/Jenkins/jenkins.war:/Users/admindyn/.rvm/bin"
    builtin-infoPlistUtility /Users/admindyn/Desktop/工作/集分宝项目工作目录/JenKinTest/JenKinTest/Info.plist -genpkginfo /Users/admindyn/Library/Developer/Xcode/DerivedData/JenKinTest-giudfoohkmpxfpgpcjjszczkexhg/Build/Intermediates/ArchiveIntermediates/JenKinTest/InstallationBuildProductsLocation/Applications/JenKinTest.app/PkgInfo -expandbuildsettings -format binary -platform iphoneos -additionalcontentfile /Users/admindyn/Library/Developer/Xcode/DerivedData/JenKinTest-giudfoohkmpxfpgpcjjszczkexhg/Build/Intermediates/ArchiveIntermediates/JenKinTest/IntermediateBuildFilesPath/JenKinTest.build/Release-iphoneos/JenKinTest.build/assetcatalog_generated_info.plist -additionalcontentfile /Users/admindyn/Library/Developer/Xcode/DerivedData/JenKinTest-giudfoohkmpxfpgpcjjszczkexhg/Build/Intermediates/ArchiveIntermediates/JenKinTest/IntermediateBuildFilesPath/JenKinTest.build/Release-iphoneos/JenKinTest.build/Main-SBPartialInfo.plist -additionalcontentfile /Users/admindyn/Library/Developer/Xcode/DerivedData/JenKinTest-giudfoohkmpxfpgpcjjszczkexhg/Build/Intermediates/ArchiveIntermediates/JenKinTest/IntermediateBuildFilesPath/JenKinTest.build/Release-iphoneos/JenKinTest.build/LaunchScreen-SBPartialInfo.plist -o /Users/admindyn/Library/Developer/Xcode/DerivedData/JenKinTest-giudfoohkmpxfpgpcjjszczkexhg/Build/Intermediates/ArchiveIntermediates/JenKinTest/InstallationBuildProductsLocation/Applications/JenKinTest.app/Info.plist

GenerateDSYMFile IPAResults/Release-iphoneos/JenKinTest.app.dSYM /Users/admindyn/Library/Developer/Xcode/DerivedData/JenKinTest-giudfoohkmpxfpgpcjjszczkexhg/Build/Intermediates/ArchiveIntermediates/JenKinTest/InstallationBuildProductsLocation/Applications/JenKinTest.app/JenKinTest
    cd /Users/admindyn/Desktop/工作/集分宝项目工作目录/JenKinTest
    export PATH="/Applications/Xcode.app/Contents/Developer/Platforms/iPhoneOS.platform/Developer/usr/bin:/Applications/Xcode.app/Contents/Developer/usr/bin:/Users/admindyn/Desktop/cocos2d-x/cocos2d-x/templates:/Users/admindyn/Desktop/cocos2d-x:/Users/admindyn/Desktop/cocos2d-x/cocos2d-x/tools/cocos2d-console/bin:/Library/Frameworks/Python.framework/Versions/3.5/bin:/Users/admindyn/.rvm/gems/ruby-2.3.0/bin:/Users/admindyn/.rvm/gems/ruby-2.3.0@global/bin:/Users/admindyn/.rvm/rubies/ruby-2.3.0/bin:/usr/local/php7.1.2/bin:/usr/local/php7.1.2/sbin:/usr/local/spark/spark-2.0.2-bin-hadoop2.7/bin:/usr/local/bin:/usr/bin:/bin:/usr/sbin:/sbin:/Applications/Server.app/Contents/ServerRoot/usr/bin:/Applications/Server.app/Contents/ServerRoot/usr/sbin:/Library/Frameworks/Mono.framework/Versions/Current/Commands:/Library/TeX/texbin:FFMPEG_Script:OPENCV_PATH:/usr/local/lib/pkg-config:/Applications/Jenkins/jenkins.war:/Users/admindyn/.rvm/bin"
    /Applications/Xcode.app/Contents/Developer/Toolchains/XcodeDefault.xctoolchain/usr/bin/dsymutil /Users/admindyn/Library/Developer/Xcode/DerivedData/JenKinTest-giudfoohkmpxfpgpcjjszczkexhg/Build/Intermediates/ArchiveIntermediates/JenKinTest/InstallationBuildProductsLocation/Applications/JenKinTest.app/JenKinTest -o /Users/admindyn/Desktop/工作/集分宝项目工作目录/JenKinTest/IPAResults/Release-iphoneos/JenKinTest.app.dSYM

LinkStoryboards
    cd /Users/admindyn/Desktop/工作/集分宝项目工作目录/JenKinTest
    export PATH="/Applications/Xcode.app/Contents/Developer/Platforms/iPhoneOS.platform/Developer/usr/bin:/Applications/Xcode.app/Contents/Developer/usr/bin:/Users/admindyn/Desktop/cocos2d-x/cocos2d-x/templates:/Users/admindyn/Desktop/cocos2d-x:/Users/admindyn/Desktop/cocos2d-x/cocos2d-x/tools/cocos2d-console/bin:/Library/Frameworks/Python.framework/Versions/3.5/bin:/Users/admindyn/.rvm/gems/ruby-2.3.0/bin:/Users/admindyn/.rvm/gems/ruby-2.3.0@global/bin:/Users/admindyn/.rvm/rubies/ruby-2.3.0/bin:/usr/local/php7.1.2/bin:/usr/local/php7.1.2/sbin:/usr/local/spark/spark-2.0.2-bin-hadoop2.7/bin:/usr/local/bin:/usr/bin:/bin:/usr/sbin:/sbin:/Applications/Server.app/Contents/ServerRoot/usr/bin:/Applications/Server.app/Contents/ServerRoot/usr/sbin:/Library/Frameworks/Mono.framework/Versions/Current/Commands:/Library/TeX/texbin:FFMPEG_Script:OPENCV_PATH:/usr/local/lib/pkg-config:/Applications/Jenkins/jenkins.war:/Users/admindyn/.rvm/bin"
    export XCODE_DEVELOPER_USR_PATH=/Applications/Xcode.app/Contents/Developer/usr/bin/..
    /Applications/Xcode.app/Contents/Developer/usr/bin/ibtool --errors --warnings --notices --module JenKinTest --target-device iphone --minimum-deployment-target 8.0 --output-format human-readable-text --link /Users/admindyn/Library/Developer/Xcode/DerivedData/JenKinTest-giudfoohkmpxfpgpcjjszczkexhg/Build/Intermediates/ArchiveIntermediates/JenKinTest/InstallationBuildProductsLocation/Applications/JenKinTest.app /Users/admindyn/Library/Developer/Xcode/DerivedData/JenKinTest-giudfoohkmpxfpgpcjjszczkexhg/Build/Intermediates/ArchiveIntermediates/JenKinTest/IntermediateBuildFilesPath/JenKinTest.build/Release-iphoneos/JenKinTest.build/Base.lproj/Main.storyboardc /Users/admindyn/Library/Developer/Xcode/DerivedData/JenKinTest-giudfoohkmpxfpgpcjjszczkexhg/Build/Intermediates/ArchiveIntermediates/JenKinTest/IntermediateBuildFilesPath/JenKinTest.build/Release-iphoneos/JenKinTest.build/Base.lproj/LaunchScreen.storyboardc

PhaseScriptExecution Run\ Script /Users/admindyn/Library/Developer/Xcode/DerivedData/JenKinTest-giudfoohkmpxfpgpcjjszczkexhg/Build/Intermediates/ArchiveIntermediates/JenKinTest/IntermediateBuildFilesPath/JenKinTest.build/Release-iphoneos/JenKinTest.build/Script-EC6F6CAC1F7A2C5000CDE360.sh
    cd /Users/admindyn/Desktop/工作/集分宝项目工作目录/JenKinTest
    export ACTION=install
    export AD_HOC_CODE_SIGNING_ALLOWED=NO
    export ALTERNATE_GROUP=staff
    export ALTERNATE_MODE=u+w,go-w,a+rX
    export ALTERNATE_OWNER=admindyn
    export ALWAYS_EMBED_SWIFT_STANDARD_LIBRARIES=NO
    export ALWAYS_SEARCH_USER_PATHS=NO
    export ALWAYS_USE_SEPARATE_HEADERMAPS=NO
    export APPLE_INTERNAL_DEVELOPER_DIR=/AppleInternal/Developer
    export APPLE_INTERNAL_DIR=/AppleInternal
    export APPLE_INTERNAL_DOCUMENTATION_DIR=/AppleInternal/Documentation
    export APPLE_INTERNAL_LIBRARY_DIR=/AppleInternal/Library
    export APPLE_INTERNAL_TOOLS=/AppleInternal/Developer/Tools
    export APPLICATION_EXTENSION_API_ONLY=NO
    export APPLY_RULES_IN_COPY_FILES=NO
    export ARCHS="armv7 arm64"
    export ARCHS_STANDARD="armv7 arm64"
    export ARCHS_STANDARD_32_64_BIT="armv7 arm64"
    export ARCHS_STANDARD_32_BIT=armv7
    export ARCHS_STANDARD_64_BIT=arm64
    export ARCHS_STANDARD_INCLUDING_64_BIT="armv7 arm64"
    export ARCHS_UNIVERSAL_IPHONE_OS="armv7 arm64"
    export ASSETCATALOG_COMPILER_APPICON_NAME=AppIcon
    export ASSET_PACK_FOLDER_PATH=/Users/admindyn/Library/Developer/Xcode/DerivedData/JenKinTest-giudfoohkmpxfpgpcjjszczkexhg/Build/Intermediates/ArchiveIntermediates/JenKinTest/InstallationBuildProductsLocation/OnDemandResources
    export AVAILABLE_PLATFORMS="appletvos appletvsimulator iphoneos iphonesimulator macosx watchos watchsimulator"
    export BITCODE_GENERATION_MODE=bitcode
    export BUILD_ACTIVE_RESOURCES_ONLY=NO
    export BUILD_COMPONENTS="headers build"
    export BUILD_DIR=/Users/admindyn/Desktop/工作/集分宝项目工作目录/JenKinTest/IPAResults
    export BUILD_ROOT=/Users/admindyn/Desktop/工作/集分宝项目工作目录/JenKinTest/buildJenKins
    export BUILD_STYLE=
    export BUILD_VARIANTS=normal
    export BUILT_PRODUCTS_DIR=/Users/admindyn/Desktop/工作/集分宝项目工作目录/JenKinTest/IPAResults/Release-iphoneos
    export CACHE_ROOT=/var/folders/4l/txqq5wz92psbpzvj4wq9tnnm0000gq/C/com.apple.DeveloperTools/8.3.2-8E2002/Xcode
    export CCHROOT=/var/folders/4l/txqq5wz92psbpzvj4wq9tnnm0000gq/C/com.apple.DeveloperTools/8.3.2-8E2002/Xcode
    export CHMOD=/bin/chmod
    export CHOWN=/usr/sbin/chown
    export CLANG_ANALYZER_NONNULL=YES
    export CLANG_CXX_LANGUAGE_STANDARD=gnu++0x
    export CLANG_CXX_LIBRARY=libc++
    export CLANG_ENABLE_MODULES=YES
    export CLANG_ENABLE_OBJC_ARC=YES
    export CLANG_MODULES_BUILD_SESSION_FILE=/Users/admindyn/Library/Developer/Xcode/DerivedData/ModuleCache/Session.modulevalidation
    export CLANG_WARN_BOOL_CONVERSION=YES
    export CLANG_WARN_CONSTANT_CONVERSION=YES
    export CLANG_WARN_DIRECT_OBJC_ISA_USAGE=YES_ERROR
    export CLANG_WARN_DOCUMENTATION_COMMENTS=YES
    export CLANG_WARN_EMPTY_BODY=YES
    export CLANG_WARN_ENUM_CONVERSION=YES
    export CLANG_WARN_INFINITE_RECURSION=YES
    export CLANG_WARN_INT_CONVERSION=YES
    export CLANG_WARN_OBJC_ROOT_CLASS=YES_ERROR
    export CLANG_WARN_SUSPICIOUS_MOVES=YES
    export CLANG_WARN_UNREACHABLE_CODE=YES
    export CLANG_WARN__DUPLICATE_METHOD_MATCH=YES
    export CLASS_FILE_DIR=/Users/admindyn/Library/Developer/Xcode/DerivedData/JenKinTest-giudfoohkmpxfpgpcjjszczkexhg/Build/Intermediates/ArchiveIntermediates/JenKinTest/IntermediateBuildFilesPath/JenKinTest.build/Release-iphoneos/JenKinTest.build/JavaClasses
    export CLEAN_PRECOMPS=YES
    export CLONE_HEADERS=NO
    export CODESIGNING_FOLDER_PATH=/Users/admindyn/Library/Developer/Xcode/DerivedData/JenKinTest-giudfoohkmpxfpgpcjjszczkexhg/Build/Intermediates/ArchiveIntermediates/JenKinTest/InstallationBuildProductsLocation/Applications/JenKinTest.app
    export CODE_SIGNING_ALLOWED=YES
    export CODE_SIGNING_REQUIRED=YES
    export CODE_SIGN_CONTEXT_CLASS=XCiPhoneOSCodeSignContext
    export CODE_SIGN_IDENTITY="iPhone Distribution: CHRising Information & Consulting Co., Ltd."
    export COLOR_DIAGNOSTICS=NO
    export COMBINE_HIDPI_IMAGES=NO
    export COMMAND_MODE=legacy
    export COMPOSITE_SDK_DIRS=/Users/admindyn/Library/Developer/Xcode/DerivedData/JenKinTest-giudfoohkmpxfpgpcjjszczkexhg/Build/Intermediates/ArchiveIntermediates/JenKinTest/IntermediateBuildFilesPath/CompositeSDKs
    export COMPRESS_PNG_FILES=YES
    export CONFIGURATION=Release
    export CONFIGURATION_BUILD_DIR=/Users/admindyn/Desktop/工作/集分宝项目工作目录/JenKinTest/IPAResults/Release-iphoneos
    export CONFIGURATION_TEMP_DIR=/Users/admindyn/Library/Developer/Xcode/DerivedData/JenKinTest-giudfoohkmpxfpgpcjjszczkexhg/Build/Intermediates/ArchiveIntermediates/JenKinTest/IntermediateBuildFilesPath/JenKinTest.build/Release-iphoneos
    export CONTENTS_FOLDER_PATH=JenKinTest.app
    export COPYING_PRESERVES_HFS_DATA=NO
    export COPY_HEADERS_RUN_UNIFDEF=NO
    export COPY_PHASE_STRIP=NO
    export COPY_RESOURCES_FROM_STATIC_FRAMEWORKS=YES
    export CORRESPONDING_SIMULATOR_PLATFORM_DIR=/Applications/Xcode.app/Contents/Developer/Platforms/iPhoneSimulator.platform
    export CORRESPONDING_SIMULATOR_PLATFORM_NAME=iphonesimulator
    export CORRESPONDING_SIMULATOR_SDK_DIR=/Applications/Xcode.app/Contents/Developer/Platforms/iPhoneSimulator.platform/Developer/SDKs/iPhoneSimulator10.3.sdk
    export CORRESPONDING_SIMULATOR_SDK_NAME=iphonesimulator10.3
    export CP=/bin/cp
    export CREATE_INFOPLIST_SECTION_IN_BINARY=NO
    export CURRENT_ARCH=arm64
    export CURRENT_VARIANT=normal
    export DEAD_CODE_STRIPPING=YES
    export DEBUGGING_SYMBOLS=YES
    export DEBUG_INFORMATION_FORMAT=dwarf-with-dsym
    export DEFAULT_COMPILER=com.apple.compilers.llvm.clang.1_0
    export DEFAULT_KEXT_INSTALL_PATH=/System/Library/Extensions
    export DEFINES_MODULE=NO
    export DEPLOYMENT_LOCATION=YES
    export DEPLOYMENT_POSTPROCESSING=YES
    export DEPLOYMENT_TARGET_CLANG_ENV_NAME=IPHONEOS_DEPLOYMENT_TARGET
    export DEPLOYMENT_TARGET_CLANG_FLAG_NAME=miphoneos-version-min
    export DEPLOYMENT_TARGET_CLANG_FLAG_PREFIX=-miphoneos-version-min=
    export DEPLOYMENT_TARGET_SETTING_NAME=IPHONEOS_DEPLOYMENT_TARGET
    export DEPLOYMENT_TARGET_SUGGESTED_VALUES="8.0 8.1 8.2 8.3 8.4 9.0 9.1 9.2 9.3 10.0 10.1 10.2 10.3"
    export DERIVED_FILES_DIR=/Users/admindyn/Library/Developer/Xcode/DerivedData/JenKinTest-giudfoohkmpxfpgpcjjszczkexhg/Build/Intermediates/ArchiveIntermediates/JenKinTest/IntermediateBuildFilesPath/JenKinTest.build/Release-iphoneos/JenKinTest.build/DerivedSources
    export DERIVED_FILE_DIR=/Users/admindyn/Library/Developer/Xcode/DerivedData/JenKinTest-giudfoohkmpxfpgpcjjszczkexhg/Build/Intermediates/ArchiveIntermediates/JenKinTest/IntermediateBuildFilesPath/JenKinTest.build/Release-iphoneos/JenKinTest.build/DerivedSources
    export DERIVED_SOURCES_DIR=/Users/admindyn/Library/Developer/Xcode/DerivedData/JenKinTest-giudfoohkmpxfpgpcjjszczkexhg/Build/Intermediates/ArchiveIntermediates/JenKinTest/IntermediateBuildFilesPath/JenKinTest.build/Release-iphoneos/JenKinTest.build/DerivedSources
    export DEVELOPER_APPLICATIONS_DIR=/Applications/Xcode.app/Contents/Developer/Applications
    export DEVELOPER_BIN_DIR=/Applications/Xcode.app/Contents/Developer/usr/bin
    export DEVELOPER_DIR=/Applications/Xcode.app/Contents/Developer
    export DEVELOPER_FRAMEWORKS_DIR=/Applications/Xcode.app/Contents/Developer/Library/Frameworks
    export DEVELOPER_FRAMEWORKS_DIR_QUOTED=/Applications/Xcode.app/Contents/Developer/Library/Frameworks
    export DEVELOPER_LIBRARY_DIR=/Applications/Xcode.app/Contents/Developer/Library
    export DEVELOPER_SDK_DIR=/Applications/Xcode.app/Contents/Developer/Platforms/MacOSX.platform/Developer/SDKs
    export DEVELOPER_TOOLS_DIR=/Applications/Xcode.app/Contents/Developer/Tools
    export DEVELOPER_USR_DIR=/Applications/Xcode.app/Contents/Developer/usr
    export DEVELOPMENT_LANGUAGE=English
    export DEVELOPMENT_TEAM=58W4HKZ65K
    export DOCUMENTATION_FOLDER_PATH=JenKinTest.app/English.lproj/Documentation
    export DO_HEADER_SCANNING_IN_JAM=NO
    export DSTROOT=/Users/admindyn/Library/Developer/Xcode/DerivedData/JenKinTest-giudfoohkmpxfpgpcjjszczkexhg/Build/Intermediates/ArchiveIntermediates/JenKinTest/InstallationBuildProductsLocation
    export DT_TOOLCHAIN_DIR=/Applications/Xcode.app/Contents/Developer/Toolchains/XcodeDefault.xctoolchain
    export DWARF_DSYM_FILE_NAME=JenKinTest.app.dSYM
    export DWARF_DSYM_FILE_SHOULD_ACCOMPANY_PRODUCT=NO
    export DWARF_DSYM_FOLDER_PATH=/Users/admindyn/Desktop/工作/集分宝项目工作目录/JenKinTest/IPAResults/Release-iphoneos
    export EFFECTIVE_PLATFORM_NAME=-iphoneos
    export EMBEDDED_CONTENT_CONTAINS_SWIFT=NO
    export EMBEDDED_PROFILE_NAME=embedded.mobileprovision
    export EMBED_ASSET_PACKS_IN_PRODUCT_BUNDLE=NO
    export ENABLE_BITCODE=YES
    export ENABLE_DEFAULT_HEADER_SEARCH_PATHS=YES
    export ENABLE_HEADER_DEPENDENCIES=YES
    export ENABLE_NS_ASSERTIONS=NO
    export ENABLE_ON_DEMAND_RESOURCES=YES
    export ENABLE_STRICT_OBJC_MSGSEND=YES
    export ENABLE_TESTABILITY=NO
    export ENTITLEMENTS_ALLOWED=YES
    export ENTITLEMENTS_REQUIRED=YES
    export EXCLUDED_INSTALLSRC_SUBDIRECTORY_PATTERNS=".DS_Store .svn .git .hg CVS"
    export EXCLUDED_RECURSIVE_SEARCH_PATH_SUBDIRECTORIES="*.nib *.lproj *.framework *.gch *.xcode* *.xcassets (*) .DS_Store CVS .svn .git .hg *.pbproj *.pbxproj"
    export EXECUTABLES_FOLDER_PATH=JenKinTest.app/Executables
    export EXECUTABLE_FOLDER_PATH=JenKinTest.app
    export EXECUTABLE_NAME=JenKinTest
    export EXECUTABLE_PATH=JenKinTest.app/JenKinTest
    export EXPANDED_CODE_SIGN_IDENTITY=0D673CA5D8779F8CA24E9100058226228C67BBFA
    export EXPANDED_CODE_SIGN_IDENTITY_NAME="iPhone Distribution: CHRising Information & Consulting Co., Ltd."
    export EXPANDED_PROVISIONING_PROFILE=918c0f59-1ff7-42a8-a403-15b7869ec809
    export FILE_LIST=/Users/admindyn/Library/Developer/Xcode/DerivedData/JenKinTest-giudfoohkmpxfpgpcjjszczkexhg/Build/Intermediates/ArchiveIntermediates/JenKinTest/IntermediateBuildFilesPath/JenKinTest.build/Release-iphoneos/JenKinTest.build/Objects/LinkFileList
    export FIXED_FILES_DIR=/Users/admindyn/Library/Developer/Xcode/DerivedData/JenKinTest-giudfoohkmpxfpgpcjjszczkexhg/Build/Intermediates/ArchiveIntermediates/JenKinTest/IntermediateBuildFilesPath/JenKinTest.build/Release-iphoneos/JenKinTest.build/FixedFiles
    export FRAMEWORKS_FOLDER_PATH=JenKinTest.app/Frameworks
    export FRAMEWORK_FLAG_PREFIX=-framework
    export FRAMEWORK_SEARCH_PATHS="/Users/admindyn/Desktop/工作/集分宝项目工作目录/JenKinTest/IPAResults/Release-iphoneos "
    export FRAMEWORK_VERSION=A
    export FULL_PRODUCT_NAME=JenKinTest.app
    export GCC3_VERSION=3.3
    export GCC_C_LANGUAGE_STANDARD=gnu99
    export GCC_INLINES_ARE_PRIVATE_EXTERN=YES
    export GCC_NO_COMMON_BLOCKS=YES
    export GCC_PFE_FILE_C_DIALECTS="c objective-c c++ objective-c++"
    export GCC_SYMBOLS_PRIVATE_EXTERN=YES
    export GCC_THUMB_SUPPORT=YES
    export GCC_TREAT_WARNINGS_AS_ERRORS=NO
    export GCC_VERSION=com.apple.compilers.llvm.clang.1_0
    export GCC_VERSION_IDENTIFIER=com_apple_compilers_llvm_clang_1_0
    export GCC_WARN_64_TO_32_BIT_CONVERSION=YES
    export GCC_WARN_ABOUT_RETURN_TYPE=YES_ERROR
    export GCC_WARN_UNDECLARED_SELECTOR=YES
    export GCC_WARN_UNINITIALIZED_AUTOS=YES_AGGRESSIVE
    export GCC_WARN_UNUSED_FUNCTION=YES
    export GCC_WARN_UNUSED_VARIABLE=YES
    export GENERATE_MASTER_OBJECT_FILE=NO
    export GENERATE_PKGINFO_FILE=YES
    export GENERATE_PROFILING_CODE=NO
    export GENERATE_TEXT_BASED_STUBS=NO
    export GID=20
    export GROUP=staff
    export HEADERMAP_INCLUDES_FLAT_ENTRIES_FOR_TARGET_BEING_BUILT=YES
    export HEADERMAP_INCLUDES_FRAMEWORK_ENTRIES_FOR_ALL_PRODUCT_TYPES=YES
    export HEADERMAP_INCLUDES_NONPUBLIC_NONPRIVATE_HEADERS=YES
    export HEADERMAP_INCLUDES_PROJECT_HEADERS=YES
    export HEADERMAP_USES_FRAMEWORK_PREFIX_ENTRIES=YES
    export HEADERMAP_USES_VFS=NO
    export HEADER_SEARCH_PATHS="/Users/admindyn/Desktop/工作/集分宝项目工作目录/JenKinTest/IPAResults/Release-iphoneos/include "
    export HIDE_BITCODE_SYMBOLS=YES
    export HOME=/Users/admindyn
    export ICONV=/usr/bin/iconv
    export INFOPLIST_EXPAND_BUILD_SETTINGS=YES
    export INFOPLIST_FILE=JenKinTest/Info.plist
    export INFOPLIST_OUTPUT_FORMAT=binary
    export INFOPLIST_PATH=JenKinTest.app/Info.plist
    export INFOPLIST_PREPROCESS=NO
    export INFOSTRINGS_PATH=JenKinTest.app/English.lproj/InfoPlist.strings
    export INLINE_PRIVATE_FRAMEWORKS=NO
    export INSTALLHDRS_COPY_PHASE=NO
    export INSTALLHDRS_SCRIPT_PHASE=NO
    export INSTALL_DIR=/Users/admindyn/Library/Developer/Xcode/DerivedData/JenKinTest-giudfoohkmpxfpgpcjjszczkexhg/Build/Intermediates/ArchiveIntermediates/JenKinTest/InstallationBuildProductsLocation/Applications
    export INSTALL_GROUP=staff
    export INSTALL_MODE_FLAG=u+w,go-w,a+rX
    export INSTALL_OWNER=admindyn
    export INSTALL_PATH=/Applications
    export INSTALL_ROOT=/Users/admindyn/Library/Developer/Xcode/DerivedData/JenKinTest-giudfoohkmpxfpgpcjjszczkexhg/Build/Intermediates/ArchiveIntermediates/JenKinTest/InstallationBuildProductsLocation
    export IPHONEOS_DEPLOYMENT_TARGET=8.0
    export JAVAC_DEFAULT_FLAGS="-J-Xms64m -J-XX:NewSize=4M -J-Dfile.encoding=UTF8"
    export JAVA_APP_STUB=/System/Library/Frameworks/JavaVM.framework/Resources/MacOS/JavaApplicationStub
    export JAVA_ARCHIVE_CLASSES=YES
    export JAVA_ARCHIVE_TYPE=JAR
    export JAVA_COMPILER=/usr/bin/javac
    export JAVA_FOLDER_PATH=JenKinTest.app/Java
    export JAVA_FRAMEWORK_RESOURCES_DIRS=Resources
    export JAVA_JAR_FLAGS=cv
    export JAVA_SOURCE_SUBDIR=.
    export JAVA_USE_DEPENDENCIES=YES
    export JAVA_ZIP_FLAGS=-urg
    export JIKES_DEFAULT_FLAGS="+E +OLDCSO"
    export KEEP_PRIVATE_EXTERNS=NO
    export LD_DEPENDENCY_INFO_FILE=/Users/admindyn/Library/Developer/Xcode/DerivedData/JenKinTest-giudfoohkmpxfpgpcjjszczkexhg/Build/Intermediates/ArchiveIntermediates/JenKinTest/IntermediateBuildFilesPath/JenKinTest.build/Release-iphoneos/JenKinTest.build/Objects-normal/arm64/JenKinTest_dependency_info.dat
    export LD_GENERATE_MAP_FILE=NO
    export LD_MAP_FILE_PATH=/Users/admindyn/Library/Developer/Xcode/DerivedData/JenKinTest-giudfoohkmpxfpgpcjjszczkexhg/Build/Intermediates/ArchiveIntermediates/JenKinTest/IntermediateBuildFilesPath/JenKinTest.build/Release-iphoneos/JenKinTest.build/JenKinTest-LinkMap-normal-arm64.txt
    export LD_NO_PIE=NO
    export LD_QUOTE_LINKER_ARGUMENTS_FOR_COMPILER_DRIVER=YES
    export LD_RUNPATH_SEARCH_PATHS=" @executable_path/Frameworks"
    export LEGACY_DEVELOPER_DIR=/Applications/Xcode.app/Contents/PlugIns/Xcode3Core.ideplugin/Contents/SharedSupport/Developer
    export LEX=lex
    export LIBRARY_FLAG_NOSPACE=YES
    export LIBRARY_FLAG_PREFIX=-l
    export LIBRARY_KEXT_INSTALL_PATH=/Library/Extensions
    export LIBRARY_SEARCH_PATHS="/Users/admindyn/Desktop/工作/集分宝项目工作目录/JenKinTest/IPAResults/Release-iphoneos "
    export LINKER_DISPLAYS_MANGLED_NAMES=NO
    export LINK_FILE_LIST_normal_arm64=/Users/admindyn/Library/Developer/Xcode/DerivedData/JenKinTest-giudfoohkmpxfpgpcjjszczkexhg/Build/Intermediates/ArchiveIntermediates/JenKinTest/IntermediateBuildFilesPath/JenKinTest.build/Release-iphoneos/JenKinTest.build/Objects-normal/arm64/JenKinTest.LinkFileList
    export LINK_FILE_LIST_normal_armv7=/Users/admindyn/Library/Developer/Xcode/DerivedData/JenKinTest-giudfoohkmpxfpgpcjjszczkexhg/Build/Intermediates/ArchiveIntermediates/JenKinTest/IntermediateBuildFilesPath/JenKinTest.build/Release-iphoneos/JenKinTest.build/Objects-normal/armv7/JenKinTest.LinkFileList
    export LINK_WITH_STANDARD_LIBRARIES=YES
    export LOCALIZABLE_CONTENT_DIR=
    export LOCALIZED_RESOURCES_FOLDER_PATH=JenKinTest.app/English.lproj
    export LOCAL_ADMIN_APPS_DIR=/Applications/Utilities
    export LOCAL_APPS_DIR=/Applications
    export LOCAL_DEVELOPER_DIR=/Library/Developer
    export LOCAL_LIBRARY_DIR=/Library
    export LOCROOT=
    export LOCSYMROOT=
    export MACH_O_TYPE=mh_execute
    export MAC_OS_X_PRODUCT_BUILD_VERSION=16F73
    export MAC_OS_X_VERSION_ACTUAL=101205
    export MAC_OS_X_VERSION_MAJOR=101200
    export MAC_OS_X_VERSION_MINOR=1205
    export MESSAGES_APPLICATION_EXTENSION_SUPPORT_FOLDER_PATH=/Users/admindyn/Library/Developer/Xcode/DerivedData/JenKinTest-giudfoohkmpxfpgpcjjszczkexhg/Build/Intermediates/ArchiveIntermediates/JenKinTest/BuildProductsPath/MessagesApplicationExtensionSupport
    export MESSAGES_APPLICATION_SUPPORT_FOLDER_PATH=/Users/admindyn/Library/Developer/Xcode/DerivedData/JenKinTest-giudfoohkmpxfpgpcjjszczkexhg/Build/Intermediates/ArchiveIntermediates/JenKinTest/BuildProductsPath/MessagesApplicationSupport
    export METAL_LIBRARY_FILE_BASE=default
    export METAL_LIBRARY_OUTPUT_DIR=/Users/admindyn/Library/Developer/Xcode/DerivedData/JenKinTest-giudfoohkmpxfpgpcjjszczkexhg/Build/Intermediates/ArchiveIntermediates/JenKinTest/InstallationBuildProductsLocation/Applications/JenKinTest.app
    export MODULE_CACHE_DIR=/Users/admindyn/Library/Developer/Xcode/DerivedData/ModuleCache
    export MTL_ENABLE_DEBUG_INFO=NO
    export NATIVE_ARCH=armv7
    export NATIVE_ARCH_32_BIT=i386
    export NATIVE_ARCH_64_BIT=x86_64
    export NATIVE_ARCH_ACTUAL=x86_64
    export NO_COMMON=YES
    export OBJECT_FILE_DIR=/Users/admindyn/Library/Developer/Xcode/DerivedData/JenKinTest-giudfoohkmpxfpgpcjjszczkexhg/Build/Intermediates/ArchiveIntermediates/JenKinTest/IntermediateBuildFilesPath/JenKinTest.build/Release-iphoneos/JenKinTest.build/Objects
    export OBJECT_FILE_DIR_normal=/Users/admindyn/Library/Developer/Xcode/DerivedData/JenKinTest-giudfoohkmpxfpgpcjjszczkexhg/Build/Intermediates/ArchiveIntermediates/JenKinTest/IntermediateBuildFilesPath/JenKinTest.build/Release-iphoneos/JenKinTest.build/Objects-normal
    export OBJROOT=/Users/admindyn/Library/Developer/Xcode/DerivedData/JenKinTest-giudfoohkmpxfpgpcjjszczkexhg/Build/Intermediates/ArchiveIntermediates/JenKinTest/IntermediateBuildFilesPath
    export ONLY_ACTIVE_ARCH=NO
    export OS=MACOS
    export OSAC=/usr/bin/osacompile
    export PACKAGE_TYPE=com.apple.package-type.wrapper.application
    export PASCAL_STRINGS=YES
    export PATH="/Applications/Xcode.app/Contents/Developer/Toolchains/XcodeDefault.xctoolchain/usr/bin:/Applications/Xcode.app/Contents/Developer/Toolchains/XcodeDefault.xctoolchain/usr/local/bin:/Applications/Xcode.app/Contents/Developer/Toolchains/XcodeDefault.xctoolchain/usr/libexec:/Applications/Xcode.app/Contents/Developer/Platforms/iPhoneOS.platform/Developer/usr/bin:/Applications/Xcode.app/Contents/Developer/Platforms/iPhoneOS.platform/Developer/usr/local/bin:/Applications/Xcode.app/Contents/Developer/Platforms/iPhoneOS.platform/usr/bin:/Applications/Xcode.app/Contents/Developer/Platforms/iPhoneOS.platform/usr/local/bin:/Applications/Xcode.app/Contents/Developer/usr/bin:/Applications/Xcode.app/Contents/Developer/usr/local/bin:/Applications/Xcode.app/Contents/Developer/Tools:/Users/admindyn/Desktop/cocos2d-x/cocos2d-x/templates:/Users/admindyn/Desktop/cocos2d-x:/Users/admindyn/Desktop/cocos2d-x/cocos2d-x/tools/cocos2d-console/bin:/Library/Frameworks/Python.framework/Versions/3.5/bin:/Users/admindyn/.rvm/gems/ruby-2.3.0/bin:/Users/admindyn/.rvm/gems/ruby-2.3.0@global/bin:/Users/admindyn/.rvm/rubies/ruby-2.3.0/bin:/usr/local/php7.1.2/bin:/usr/local/php7.1.2/sbin:/usr/local/spark/spark-2.0.2-bin-hadoop2.7/bin:/usr/local/bin:/usr/bin:/bin:/usr/sbin:/sbin:/Applications/Server.app/Contents/ServerRoot/usr/bin:/Applications/Server.app/Contents/ServerRoot/usr/sbin:/Library/Frameworks/Mono.framework/Versions/Current/Commands:/Library/TeX/texbin:/usr/local/lib/pkg-config:/Applications/Jenkins/jenkins.war:/Users/admindyn/.rvm/bin"
    export PATH_PREFIXES_EXCLUDED_FROM_HEADER_DEPENDENCIES="/usr/include /usr/local/include /System/Library/Frameworks /System/Library/PrivateFrameworks /Applications/Xcode.app/Contents/Developer/Headers /Applications/Xcode.app/Contents/Developer/SDKs /Applications/Xcode.app/Contents/Developer/Platforms"
    export PBDEVELOPMENTPLIST_PATH=JenKinTest.app/pbdevelopment.plist
    export PFE_FILE_C_DIALECTS=objective-c
    export PKGINFO_FILE_PATH=/Users/admindyn/Library/Developer/Xcode/DerivedData/JenKinTest-giudfoohkmpxfpgpcjjszczkexhg/Build/Intermediates/ArchiveIntermediates/JenKinTest/IntermediateBuildFilesPath/JenKinTest.build/Release-iphoneos/JenKinTest.build/PkgInfo
    export PKGINFO_PATH=JenKinTest.app/PkgInfo
    export PLATFORM_DEVELOPER_APPLICATIONS_DIR=/Applications/Xcode.app/Contents/Developer/Platforms/iPhoneOS.platform/Developer/Applications
    export PLATFORM_DEVELOPER_BIN_DIR=/Applications/Xcode.app/Contents/Developer/Platforms/iPhoneOS.platform/Developer/usr/bin
    export PLATFORM_DEVELOPER_LIBRARY_DIR=/Applications/Xcode.app/Contents/PlugIns/Xcode3Core.ideplugin/Contents/SharedSupport/Developer/Library
    export PLATFORM_DEVELOPER_SDK_DIR=/Applications/Xcode.app/Contents/Developer/Platforms/iPhoneOS.platform/Developer/SDKs
    export PLATFORM_DEVELOPER_TOOLS_DIR=/Applications/Xcode.app/Contents/Developer/Platforms/iPhoneOS.platform/Developer/Tools
    export PLATFORM_DEVELOPER_USR_DIR=/Applications/Xcode.app/Contents/Developer/Platforms/iPhoneOS.platform/Developer/usr
    export PLATFORM_DIR=/Applications/Xcode.app/Contents/Developer/Platforms/iPhoneOS.platform
    export PLATFORM_DISPLAY_NAME=iOS
    export PLATFORM_NAME=iphoneos
    export PLATFORM_PREFERRED_ARCH=arm64
    export PLATFORM_PRODUCT_BUILD_VERSION=14E269
    export PLIST_FILE_OUTPUT_FORMAT=binary
    export PLUGINS_FOLDER_PATH=JenKinTest.app/PlugIns
    export PRECOMPS_INCLUDE_HEADERS_FROM_BUILT_PRODUCTS_DIR=YES
    export PRECOMP_DESTINATION_DIR=/Users/admindyn/Library/Developer/Xcode/DerivedData/JenKinTest-giudfoohkmpxfpgpcjjszczkexhg/Build/Intermediates/ArchiveIntermediates/JenKinTest/IntermediateBuildFilesPath/JenKinTest.build/Release-iphoneos/JenKinTest.build/PrefixHeaders
    export PRESERVE_DEAD_CODE_INITS_AND_TERMS=NO
    export PRIVATE_HEADERS_FOLDER_PATH=JenKinTest.app/PrivateHeaders
    export PRODUCT_BUNDLE_IDENTIFIER=com.bjcric1.demo
    export PRODUCT_MODULE_NAME=JenKinTest
    export PRODUCT_NAME=JenKinTest
    export PRODUCT_SETTINGS_PATH=/Users/admindyn/Desktop/工作/集分宝项目工作目录/JenKinTest/JenKinTest/Info.plist
    export PRODUCT_TYPE=com.apple.product-type.application
    export PROFILING_CODE=NO
    export PROJECT=JenKinTest
    export PROJECT_DERIVED_FILE_DIR=/Users/admindyn/Library/Developer/Xcode/DerivedData/JenKinTest-giudfoohkmpxfpgpcjjszczkexhg/Build/Intermediates/ArchiveIntermediates/JenKinTest/IntermediateBuildFilesPath/JenKinTest.build/DerivedSources
    export PROJECT_DIR=/Users/admindyn/Desktop/工作/集分宝项目工作目录/JenKinTest
    export PROJECT_FILE_PATH=/Users/admindyn/Desktop/工作/集分宝项目工作目录/JenKinTest/JenKinTest.xcodeproj
    export PROJECT_NAME=JenKinTest
    export PROJECT_TEMP_DIR=/Users/admindyn/Library/Developer/Xcode/DerivedData/JenKinTest-giudfoohkmpxfpgpcjjszczkexhg/Build/Intermediates/ArchiveIntermediates/JenKinTest/IntermediateBuildFilesPath/JenKinTest.build
    export PROJECT_TEMP_ROOT=/Users/admindyn/Library/Developer/Xcode/DerivedData/JenKinTest-giudfoohkmpxfpgpcjjszczkexhg/Build/Intermediates/ArchiveIntermediates/JenKinTest/IntermediateBuildFilesPath
    export PROVISIONING_PROFILE=918c0f59-1ff7-42a8-a403-15b7869ec809
    export PROVISIONING_PROFILE_REQUIRED=YES
    export PROVISIONING_PROFILE_SPECIFIER=bjcric1demodistributionf
    export PUBLIC_HEADERS_FOLDER_PATH=JenKinTest.app/Headers
    export RECURSIVE_SEARCH_PATHS_FOLLOW_SYMLINKS=YES
    export REMOVE_CVS_FROM_RESOURCES=YES
    export REMOVE_GIT_FROM_RESOURCES=YES
    export REMOVE_HEADERS_FROM_EMBEDDED_BUNDLES=YES
    export REMOVE_HG_FROM_RESOURCES=YES
    export REMOVE_SVN_FROM_RESOURCES=YES
    export RESOURCE_RULES_REQUIRED=YES
    export REZ_COLLECTOR_DIR=/Users/admindyn/Library/Developer/Xcode/DerivedData/JenKinTest-giudfoohkmpxfpgpcjjszczkexhg/Build/Intermediates/ArchiveIntermediates/JenKinTest/IntermediateBuildFilesPath/JenKinTest.build/Release-iphoneos/JenKinTest.build/ResourceManagerResources
    export REZ_OBJECTS_DIR=/Users/admindyn/Library/Developer/Xcode/DerivedData/JenKinTest-giudfoohkmpxfpgpcjjszczkexhg/Build/Intermediates/ArchiveIntermediates/JenKinTest/IntermediateBuildFilesPath/JenKinTest.build/Release-iphoneos/JenKinTest.build/ResourceManagerResources/Objects
    export REZ_SEARCH_PATHS="/Users/admindyn/Desktop/工作/集分宝项目工作目录/JenKinTest/IPAResults/Release-iphoneos "
    export SCAN_ALL_SOURCE_FILES_FOR_INCLUDES=NO
    export SCRIPTS_FOLDER_PATH=JenKinTest.app/Scripts
    export SCRIPT_INPUT_FILE_COUNT=0
    export SCRIPT_OUTPUT_FILE_COUNT=0
    export SDKROOT=/Applications/Xcode.app/Contents/Developer/Platforms/iPhoneOS.platform/Developer/SDKs/iPhoneOS10.3.sdk
    export SDK_DIR=/Applications/Xcode.app/Contents/Developer/Platforms/iPhoneOS.platform/Developer/SDKs/iPhoneOS10.3.sdk
    export SDK_DIR_iphoneos10_3=/Applications/Xcode.app/Contents/Developer/Platforms/iPhoneOS.platform/Developer/SDKs/iPhoneOS10.3.sdk
    export SDK_NAME=iphoneos10.3
    export SDK_NAMES=iphoneos10.3
    export SDK_PRODUCT_BUILD_VERSION=14E269
    export SDK_VERSION=10.3
    export SDK_VERSION_ACTUAL=100300
    export SDK_VERSION_MAJOR=100000
    export SDK_VERSION_MINOR=300
    export SED=/usr/bin/sed
    export SEPARATE_STRIP=NO
    export SEPARATE_SYMBOL_EDIT=NO
    export SET_DIR_MODE_OWNER_GROUP=YES
    export SET_FILE_MODE_OWNER_GROUP=NO
    export SHALLOW_BUNDLE=YES
    export SHARED_DERIVED_FILE_DIR=/Users/admindyn/Desktop/工作/集分宝项目工作目录/JenKinTest/IPAResults/Release-iphoneos/DerivedSources
    export SHARED_FRAMEWORKS_FOLDER_PATH=JenKinTest.app/SharedFrameworks
    export SHARED_PRECOMPS_DIR=/Users/admindyn/Library/Developer/Xcode/DerivedData/JenKinTest-giudfoohkmpxfpgpcjjszczkexhg/Build/Intermediates/ArchiveIntermediates/JenKinTest/PrecompiledHeaders
    export SHARED_SUPPORT_FOLDER_PATH=JenKinTest.app/SharedSupport
    export SKIP_INSTALL=NO
    export SOURCE_ROOT=/Users/admindyn/Desktop/工作/集分宝项目工作目录/JenKinTest
    export SRCROOT=/Users/admindyn/Desktop/工作/集分宝项目工作目录/JenKinTest
    export STRINGS_FILE_OUTPUT_ENCODING=binary
    export STRIP_BITCODE_FROM_COPIED_FILES=YES
    export STRIP_INSTALLED_PRODUCT=YES
    export STRIP_STYLE=all
    export SUPPORTED_DEVICE_FAMILIES=1,2
    export SUPPORTED_PLATFORMS="iphonesimulator iphoneos"
    export SUPPORTS_TEXT_BASED_API=NO
    export SWIFT_PLATFORM_TARGET_PREFIX=ios
    export SWIFT_STDLIB_TOOL_UNSIGNED_DESTINATION_DIR=/Users/admindyn/Library/Developer/Xcode/DerivedData/JenKinTest-giudfoohkmpxfpgpcjjszczkexhg/Build/Intermediates/ArchiveIntermediates/JenKinTest/BuildProductsPath/SwiftSupport
    export SYMROOT=/Users/admindyn/Desktop/工作/集分宝项目工作目录/JenKinTest/buildJenKins
    export SYSTEM_ADMIN_APPS_DIR=/Applications/Utilities
    export SYSTEM_APPS_DIR=/Applications
    export SYSTEM_CORE_SERVICES_DIR=/System/Library/CoreServices
    export SYSTEM_DEMOS_DIR=/Applications/Extras
    export SYSTEM_DEVELOPER_APPS_DIR=/Applications/Xcode.app/Contents/Developer/Applications
    export SYSTEM_DEVELOPER_BIN_DIR=/Applications/Xcode.app/Contents/Developer/usr/bin
    export SYSTEM_DEVELOPER_DEMOS_DIR="/Applications/Xcode.app/Contents/Developer/Applications/Utilities/Built Examples"
    export SYSTEM_DEVELOPER_DIR=/Applications/Xcode.app/Contents/Developer
    export SYSTEM_DEVELOPER_DOC_DIR="/Applications/Xcode.app/Contents/Developer/ADC Reference Library"
    export SYSTEM_DEVELOPER_GRAPHICS_TOOLS_DIR="/Applications/Xcode.app/Contents/Developer/Applications/Graphics Tools"
    export SYSTEM_DEVELOPER_JAVA_TOOLS_DIR="/Applications/Xcode.app/Contents/Developer/Applications/Java Tools"
    export SYSTEM_DEVELOPER_PERFORMANCE_TOOLS_DIR="/Applications/Xcode.app/Contents/Developer/Applications/Performance Tools"
    export SYSTEM_DEVELOPER_RELEASENOTES_DIR="/Applications/Xcode.app/Contents/Developer/ADC Reference Library/releasenotes"
    export SYSTEM_DEVELOPER_TOOLS=/Applications/Xcode.app/Contents/Developer/Tools
    export SYSTEM_DEVELOPER_TOOLS_DOC_DIR="/Applications/Xcode.app/Contents/Developer/ADC Reference Library/documentation/DeveloperTools"
    export SYSTEM_DEVELOPER_TOOLS_RELEASENOTES_DIR="/Applications/Xcode.app/Contents/Developer/ADC Reference Library/releasenotes/DeveloperTools"
    export SYSTEM_DEVELOPER_USR_DIR=/Applications/Xcode.app/Contents/Developer/usr
    export SYSTEM_DEVELOPER_UTILITIES_DIR=/Applications/Xcode.app/Contents/Developer/Applications/Utilities
    export SYSTEM_DOCUMENTATION_DIR=/Library/Documentation
    export SYSTEM_KEXT_INSTALL_PATH=/System/Library/Extensions
    export SYSTEM_LIBRARY_DIR=/System/Library
    export TAPI_VERIFY_MODE=ErrorsOnly
    export TARGETED_DEVICE_FAMILY=1
    export TARGETNAME=JenKinTest
    export TARGET_BUILD_DIR=/Users/admindyn/Library/Developer/Xcode/DerivedData/JenKinTest-giudfoohkmpxfpgpcjjszczkexhg/Build/Intermediates/ArchiveIntermediates/JenKinTest/InstallationBuildProductsLocation/Applications
    export TARGET_NAME=JenKinTest
    export TARGET_TEMP_DIR=/Users/admindyn/Library/Developer/Xcode/DerivedData/JenKinTest-giudfoohkmpxfpgpcjjszczkexhg/Build/Intermediates/ArchiveIntermediates/JenKinTest/IntermediateBuildFilesPath/JenKinTest.build/Release-iphoneos/JenKinTest.build
    export TEMP_DIR=/Users/admindyn/Library/Developer/Xcode/DerivedData/JenKinTest-giudfoohkmpxfpgpcjjszczkexhg/Build/Intermediates/ArchiveIntermediates/JenKinTest/IntermediateBuildFilesPath/JenKinTest.build/Release-iphoneos/JenKinTest.build
    export TEMP_FILES_DIR=/Users/admindyn/Library/Developer/Xcode/DerivedData/JenKinTest-giudfoohkmpxfpgpcjjszczkexhg/Build/Intermediates/ArchiveIntermediates/JenKinTest/IntermediateBuildFilesPath/JenKinTest.build/Release-iphoneos/JenKinTest.build
    export TEMP_FILE_DIR=/Users/admindyn/Library/Developer/Xcode/DerivedData/JenKinTest-giudfoohkmpxfpgpcjjszczkexhg/Build/Intermediates/ArchiveIntermediates/JenKinTest/IntermediateBuildFilesPath/JenKinTest.build/Release-iphoneos/JenKinTest.build
    export TEMP_ROOT=/Users/admindyn/Library/Developer/Xcode/DerivedData/JenKinTest-giudfoohkmpxfpgpcjjszczkexhg/Build/Intermediates/ArchiveIntermediates/JenKinTest/IntermediateBuildFilesPath
    export TOOLCHAINS=com.apple.dt.toolchain.XcodeDefault
    export TOOLCHAIN_DIR=/Applications/Xcode.app/Contents/Developer/Toolchains/XcodeDefault.xctoolchain
    export TREAT_MISSING_BASELINES_AS_TEST_FAILURES=NO
    export UID=503
    export UNLOCALIZED_RESOURCES_FOLDER_PATH=JenKinTest.app
    export UNSTRIPPED_PRODUCT=NO
    export USER=admindyn
    export USER_APPS_DIR=/Users/admindyn/Applications
    export USER_LIBRARY_DIR=/Users/admindyn/Library
    export USE_DYNAMIC_NO_PIC=YES
    export USE_HEADERMAP=YES
    export USE_HEADER_SYMLINKS=NO
    export VALIDATE_PRODUCT=YES
    export VALID_ARCHS="arm64 armv7 armv7s"
    export VERBOSE_PBXCP=NO
    export VERSIONPLIST_PATH=JenKinTest.app/version.plist
    export VERSION_INFO_BUILDER=admindyn
    export VERSION_INFO_FILE=JenKinTest_vers.c
    export VERSION_INFO_STRING="\"@(#)PROGRAM:JenKinTest  PROJECT:JenKinTest-\""
    export WATCHKIT_2_SUPPORT_FOLDER_PATH=/Users/admindyn/Library/Developer/Xcode/DerivedData/JenKinTest-giudfoohkmpxfpgpcjjszczkexhg/Build/Intermediates/ArchiveIntermediates/JenKinTest/BuildProductsPath/WatchKitSupport2
    export WATCHKIT_SUPPORT_FOLDER_PATH=/Users/admindyn/Library/Developer/Xcode/DerivedData/JenKinTest-giudfoohkmpxfpgpcjjszczkexhg/Build/Intermediates/ArchiveIntermediates/JenKinTest/BuildProductsPath/WatchKitSupport
    export WRAPPER_EXTENSION=app
    export WRAPPER_NAME=JenKinTest.app
    export WRAPPER_SUFFIX=.app
    export WRAP_ASSET_PACKS_IN_SEPARATE_DIRECTORIES=NO
    export XCODE_APP_SUPPORT_DIR=/Applications/Xcode.app/Contents/Developer/Library/Xcode
    export XCODE_PRODUCT_BUILD_VERSION=8E2002
    export XCODE_VERSION_ACTUAL=0832
    export XCODE_VERSION_MAJOR=0800
    export XCODE_VERSION_MINOR=0830
    export XPCSERVICES_FOLDER_PATH=JenKinTest.app/XPCServices
    export YACC=yacc
    export arch=arm64
    export variant=normal
    /bin/sh -c /Users/admindyn/Library/Developer/Xcode/DerivedData/JenKinTest-giudfoohkmpxfpgpcjjszczkexhg/Build/Intermediates/ArchiveIntermediates/JenKinTest/IntermediateBuildFilesPath/JenKinTest.build/Release-iphoneos/JenKinTest.build/Script-EC6F6CAC1F7A2C5000CDE360.sh
/Users/admindyn/Desktop/工作/集分宝项目工作目录/JenKinTest
/Users/admindyn/Desktop/工作/集分宝项目工作目录/JenKinTest/JenKinTest.xcodeproj
/Users/admindyn/Desktop/工作/集分宝项目工作目录/JenKinTest
/Users/admindyn/Desktop/工作/集分宝项目工作目录/JenKinTest/buildJenKins
/Users/admindyn/Desktop/工作/集分宝项目工作目录/JenKinTest/IPAResults/Release-iphoneos
/Users/admindyn/Library/Developer/Xcode/DerivedData/JenKinTest-giudfoohkmpxfpgpcjjszczkexhg/Build/Intermediates/ArchiveIntermediates/JenKinTest/InstallationBuildProductsLocation/Applications
JenKinTest

Strip /Users/admindyn/Library/Developer/Xcode/DerivedData/JenKinTest-giudfoohkmpxfpgpcjjszczkexhg/Build/Intermediates/ArchiveIntermediates/JenKinTest/InstallationBuildProductsLocation/Applications/JenKinTest.app/JenKinTest
    cd /Users/admindyn/Desktop/工作/集分宝项目工作目录/JenKinTest
    export PATH="/Applications/Xcode.app/Contents/Developer/Platforms/iPhoneOS.platform/Developer/usr/bin:/Applications/Xcode.app/Contents/Developer/usr/bin:/Users/admindyn/Desktop/cocos2d-x/cocos2d-x/templates:/Users/admindyn/Desktop/cocos2d-x:/Users/admindyn/Desktop/cocos2d-x/cocos2d-x/tools/cocos2d-console/bin:/Library/Frameworks/Python.framework/Versions/3.5/bin:/Users/admindyn/.rvm/gems/ruby-2.3.0/bin:/Users/admindyn/.rvm/gems/ruby-2.3.0@global/bin:/Users/admindyn/.rvm/rubies/ruby-2.3.0/bin:/usr/local/php7.1.2/bin:/usr/local/php7.1.2/sbin:/usr/local/spark/spark-2.0.2-bin-hadoop2.7/bin:/usr/local/bin:/usr/bin:/bin:/usr/sbin:/sbin:/Applications/Server.app/Contents/ServerRoot/usr/bin:/Applications/Server.app/Contents/ServerRoot/usr/sbin:/Library/Frameworks/Mono.framework/Versions/Current/Commands:/Library/TeX/texbin:FFMPEG_Script:OPENCV_PATH:/usr/local/lib/pkg-config:/Applications/Jenkins/jenkins.war:/Users/admindyn/.rvm/bin"
    /Applications/Xcode.app/Contents/Developer/Toolchains/XcodeDefault.xctoolchain/usr/bin/strip /Users/admindyn/Library/Developer/Xcode/DerivedData/JenKinTest-giudfoohkmpxfpgpcjjszczkexhg/Build/Intermediates/ArchiveIntermediates/JenKinTest/InstallationBuildProductsLocation/Applications/JenKinTest.app/JenKinTest

SetOwnerAndGroup admindyn:staff /Users/admindyn/Library/Developer/Xcode/DerivedData/JenKinTest-giudfoohkmpxfpgpcjjszczkexhg/Build/Intermediates/ArchiveIntermediates/JenKinTest/InstallationBuildProductsLocation/Applications/JenKinTest.app
    cd /Users/admindyn/Desktop/工作/集分宝项目工作目录/JenKinTest
    export PATH="/Applications/Xcode.app/Contents/Developer/Platforms/iPhoneOS.platform/Developer/usr/bin:/Applications/Xcode.app/Contents/Developer/usr/bin:/Users/admindyn/Desktop/cocos2d-x/cocos2d-x/templates:/Users/admindyn/Desktop/cocos2d-x:/Users/admindyn/Desktop/cocos2d-x/cocos2d-x/tools/cocos2d-console/bin:/Library/Frameworks/Python.framework/Versions/3.5/bin:/Users/admindyn/.rvm/gems/ruby-2.3.0/bin:/Users/admindyn/.rvm/gems/ruby-2.3.0@global/bin:/Users/admindyn/.rvm/rubies/ruby-2.3.0/bin:/usr/local/php7.1.2/bin:/usr/local/php7.1.2/sbin:/usr/local/spark/spark-2.0.2-bin-hadoop2.7/bin:/usr/local/bin:/usr/bin:/bin:/usr/sbin:/sbin:/Applications/Server.app/Contents/ServerRoot/usr/bin:/Applications/Server.app/Contents/ServerRoot/usr/sbin:/Library/Frameworks/Mono.framework/Versions/Current/Commands:/Library/TeX/texbin:FFMPEG_Script:OPENCV_PATH:/usr/local/lib/pkg-config:/Applications/Jenkins/jenkins.war:/Users/admindyn/.rvm/bin"
    /usr/sbin/chown -RH admindyn:staff /Users/admindyn/Library/Developer/Xcode/DerivedData/JenKinTest-giudfoohkmpxfpgpcjjszczkexhg/Build/Intermediates/ArchiveIntermediates/JenKinTest/InstallationBuildProductsLocation/Applications/JenKinTest.app

SetMode u+w,go-w,a+rX /Users/admindyn/Library/Developer/Xcode/DerivedData/JenKinTest-giudfoohkmpxfpgpcjjszczkexhg/Build/Intermediates/ArchiveIntermediates/JenKinTest/InstallationBuildProductsLocation/Applications/JenKinTest.app
    cd /Users/admindyn/Desktop/工作/集分宝项目工作目录/JenKinTest
    export PATH="/Applications/Xcode.app/Contents/Developer/Platforms/iPhoneOS.platform/Developer/usr/bin:/Applications/Xcode.app/Contents/Developer/usr/bin:/Users/admindyn/Desktop/cocos2d-x/cocos2d-x/templates:/Users/admindyn/Desktop/cocos2d-x:/Users/admindyn/Desktop/cocos2d-x/cocos2d-x/tools/cocos2d-console/bin:/Library/Frameworks/Python.framework/Versions/3.5/bin:/Users/admindyn/.rvm/gems/ruby-2.3.0/bin:/Users/admindyn/.rvm/gems/ruby-2.3.0@global/bin:/Users/admindyn/.rvm/rubies/ruby-2.3.0/bin:/usr/local/php7.1.2/bin:/usr/local/php7.1.2/sbin:/usr/local/spark/spark-2.0.2-bin-hadoop2.7/bin:/usr/local/bin:/usr/bin:/bin:/usr/sbin:/sbin:/Applications/Server.app/Contents/ServerRoot/usr/bin:/Applications/Server.app/Contents/ServerRoot/usr/sbin:/Library/Frameworks/Mono.framework/Versions/Current/Commands:/Library/TeX/texbin:FFMPEG_Script:OPENCV_PATH:/usr/local/lib/pkg-config:/Applications/Jenkins/jenkins.war:/Users/admindyn/.rvm/bin"
    /bin/chmod -RH u+w,go-w,a+rX /Users/admindyn/Library/Developer/Xcode/DerivedData/JenKinTest-giudfoohkmpxfpgpcjjszczkexhg/Build/Intermediates/ArchiveIntermediates/JenKinTest/InstallationBuildProductsLocation/Applications/JenKinTest.app

ProcessProductPackaging /Users/admindyn/Library/MobileDevice/Provisioning\ Profiles/918c0f59-1ff7-42a8-a403-15b7869ec809.mobileprovision /Users/admindyn/Library/Developer/Xcode/DerivedData/JenKinTest-giudfoohkmpxfpgpcjjszczkexhg/Build/Intermediates/ArchiveIntermediates/JenKinTest/InstallationBuildProductsLocation/Applications/JenKinTest.app/embedded.mobileprovision
    cd /Users/admindyn/Desktop/工作/集分宝项目工作目录/JenKinTest
    export PATH="/Applications/Xcode.app/Contents/Developer/Platforms/iPhoneOS.platform/Developer/usr/bin:/Applications/Xcode.app/Contents/Developer/usr/bin:/Users/admindyn/Desktop/cocos2d-x/cocos2d-x/templates:/Users/admindyn/Desktop/cocos2d-x:/Users/admindyn/Desktop/cocos2d-x/cocos2d-x/tools/cocos2d-console/bin:/Library/Frameworks/Python.framework/Versions/3.5/bin:/Users/admindyn/.rvm/gems/ruby-2.3.0/bin:/Users/admindyn/.rvm/gems/ruby-2.3.0@global/bin:/Users/admindyn/.rvm/rubies/ruby-2.3.0/bin:/usr/local/php7.1.2/bin:/usr/local/php7.1.2/sbin:/usr/local/spark/spark-2.0.2-bin-hadoop2.7/bin:/usr/local/bin:/usr/bin:/bin:/usr/sbin:/sbin:/Applications/Server.app/Contents/ServerRoot/usr/bin:/Applications/Server.app/Contents/ServerRoot/usr/sbin:/Library/Frameworks/Mono.framework/Versions/Current/Commands:/Library/TeX/texbin:FFMPEG_Script:OPENCV_PATH:/usr/local/lib/pkg-config:/Applications/Jenkins/jenkins.war:/Users/admindyn/.rvm/bin"
    builtin-productPackagingUtility /Users/admindyn/Library/MobileDevice/Provisioning\ Profiles/918c0f59-1ff7-42a8-a403-15b7869ec809.mobileprovision -o /Users/admindyn/Library/Developer/Xcode/DerivedData/JenKinTest-giudfoohkmpxfpgpcjjszczkexhg/Build/Intermediates/ArchiveIntermediates/JenKinTest/InstallationBuildProductsLocation/Applications/JenKinTest.app/embedded.mobileprovision

Touch /Users/admindyn/Library/Developer/Xcode/DerivedData/JenKinTest-giudfoohkmpxfpgpcjjszczkexhg/Build/Intermediates/ArchiveIntermediates/JenKinTest/InstallationBuildProductsLocation/Applications/JenKinTest.app
    cd /Users/admindyn/Desktop/工作/集分宝项目工作目录/JenKinTest
    export PATH="/Applications/Xcode.app/Contents/Developer/Platforms/iPhoneOS.platform/Developer/usr/bin:/Applications/Xcode.app/Contents/Developer/usr/bin:/Users/admindyn/Desktop/cocos2d-x/cocos2d-x/templates:/Users/admindyn/Desktop/cocos2d-x:/Users/admindyn/Desktop/cocos2d-x/cocos2d-x/tools/cocos2d-console/bin:/Library/Frameworks/Python.framework/Versions/3.5/bin:/Users/admindyn/.rvm/gems/ruby-2.3.0/bin:/Users/admindyn/.rvm/gems/ruby-2.3.0@global/bin:/Users/admindyn/.rvm/rubies/ruby-2.3.0/bin:/usr/local/php7.1.2/bin:/usr/local/php7.1.2/sbin:/usr/local/spark/spark-2.0.2-bin-hadoop2.7/bin:/usr/local/bin:/usr/bin:/bin:/usr/sbin:/sbin:/Applications/Server.app/Contents/ServerRoot/usr/bin:/Applications/Server.app/Contents/ServerRoot/usr/sbin:/Library/Frameworks/Mono.framework/Versions/Current/Commands:/Library/TeX/texbin:FFMPEG_Script:OPENCV_PATH:/usr/local/lib/pkg-config:/Applications/Jenkins/jenkins.war:/Users/admindyn/.rvm/bin"
    /usr/bin/touch -c /Users/admindyn/Library/Developer/Xcode/DerivedData/JenKinTest-giudfoohkmpxfpgpcjjszczkexhg/Build/Intermediates/ArchiveIntermediates/JenKinTest/InstallationBuildProductsLocation/Applications/JenKinTest.app

ProcessProductPackaging "" /Users/admindyn/Library/Developer/Xcode/DerivedData/JenKinTest-giudfoohkmpxfpgpcjjszczkexhg/Build/Intermediates/ArchiveIntermediates/JenKinTest/IntermediateBuildFilesPath/JenKinTest.build/Release-iphoneos/JenKinTest.build/JenKinTest.app.xcent
    cd /Users/admindyn/Desktop/工作/集分宝项目工作目录/JenKinTest
    export PATH="/Applications/Xcode.app/Contents/Developer/Platforms/iPhoneOS.platform/Developer/usr/bin:/Applications/Xcode.app/Contents/Developer/usr/bin:/Users/admindyn/Desktop/cocos2d-x/cocos2d-x/templates:/Users/admindyn/Desktop/cocos2d-x:/Users/admindyn/Desktop/cocos2d-x/cocos2d-x/tools/cocos2d-console/bin:/Library/Frameworks/Python.framework/Versions/3.5/bin:/Users/admindyn/.rvm/gems/ruby-2.3.0/bin:/Users/admindyn/.rvm/gems/ruby-2.3.0@global/bin:/Users/admindyn/.rvm/rubies/ruby-2.3.0/bin:/usr/local/php7.1.2/bin:/usr/local/php7.1.2/sbin:/usr/local/spark/spark-2.0.2-bin-hadoop2.7/bin:/usr/local/bin:/usr/bin:/bin:/usr/sbin:/sbin:/Applications/Server.app/Contents/ServerRoot/usr/bin:/Applications/Server.app/Contents/ServerRoot/usr/sbin:/Library/Frameworks/Mono.framework/Versions/Current/Commands:/Library/TeX/texbin:FFMPEG_Script:OPENCV_PATH:/usr/local/lib/pkg-config:/Applications/Jenkins/jenkins.war:/Users/admindyn/.rvm/bin"
    

Entitlements:

{
    "application-identifier" = "58W4HKZ65K.com.bjcric1.demo";
    "com.apple.developer.team-identifier" = 58W4HKZ65K;
    "get-task-allow" = 0;
    "keychain-access-groups" =     (
        "58W4HKZ65K.com.bjcric1.demo"
    );
}


    builtin-productPackagingUtility -entitlements -format xml -o /Users/admindyn/Library/Developer/Xcode/DerivedData/JenKinTest-giudfoohkmpxfpgpcjjszczkexhg/Build/Intermediates/ArchiveIntermediates/JenKinTest/IntermediateBuildFilesPath/JenKinTest.build/Release-iphoneos/JenKinTest.build/JenKinTest.app.xcent

CodeSign /Users/admindyn/Library/Developer/Xcode/DerivedData/JenKinTest-giudfoohkmpxfpgpcjjszczkexhg/Build/Intermediates/ArchiveIntermediates/JenKinTest/InstallationBuildProductsLocation/Applications/JenKinTest.app
    cd /Users/admindyn/Desktop/工作/集分宝项目工作目录/JenKinTest
    export CODESIGN_ALLOCATE=/Applications/Xcode.app/Contents/Developer/Toolchains/XcodeDefault.xctoolchain/usr/bin/codesign_allocate
    export PATH="/Applications/Xcode.app/Contents/Developer/Platforms/iPhoneOS.platform/Developer/usr/bin:/Applications/Xcode.app/Contents/Developer/usr/bin:/Users/admindyn/Desktop/cocos2d-x/cocos2d-x/templates:/Users/admindyn/Desktop/cocos2d-x:/Users/admindyn/Desktop/cocos2d-x/cocos2d-x/tools/cocos2d-console/bin:/Library/Frameworks/Python.framework/Versions/3.5/bin:/Users/admindyn/.rvm/gems/ruby-2.3.0/bin:/Users/admindyn/.rvm/gems/ruby-2.3.0@global/bin:/Users/admindyn/.rvm/rubies/ruby-2.3.0/bin:/usr/local/php7.1.2/bin:/usr/local/php7.1.2/sbin:/usr/local/spark/spark-2.0.2-bin-hadoop2.7/bin:/usr/local/bin:/usr/bin:/bin:/usr/sbin:/sbin:/Applications/Server.app/Contents/ServerRoot/usr/bin:/Applications/Server.app/Contents/ServerRoot/usr/sbin:/Library/Frameworks/Mono.framework/Versions/Current/Commands:/Library/TeX/texbin:FFMPEG_Script:OPENCV_PATH:/usr/local/lib/pkg-config:/Applications/Jenkins/jenkins.war:/Users/admindyn/.rvm/bin"
    
Signing Identity:     "iPhone Distribution: CHRising Information & Consulting Co., Ltd."
Provisioning Profile: "bjcric1demodistributionf"
                      (918c0f59-1ff7-42a8-a403-15b7869ec809)

    /usr/bin/codesign --force --sign 0D673CA5D8779F8CA24E9100058226228C67BBFA --entitlements /Users/admindyn/Library/Developer/Xcode/DerivedData/JenKinTest-giudfoohkmpxfpgpcjjszczkexhg/Build/Intermediates/ArchiveIntermediates/JenKinTest/IntermediateBuildFilesPath/JenKinTest.build/Release-iphoneos/JenKinTest.build/JenKinTest.app.xcent --timestamp=none /Users/admindyn/Library/Developer/Xcode/DerivedData/JenKinTest-giudfoohkmpxfpgpcjjszczkexhg/Build/Intermediates/ArchiveIntermediates/JenKinTest/InstallationBuildProductsLocation/Applications/JenKinTest.app

Validate /Users/admindyn/Library/Developer/Xcode/DerivedData/JenKinTest-giudfoohkmpxfpgpcjjszczkexhg/Build/Intermediates/ArchiveIntermediates/JenKinTest/InstallationBuildProductsLocation/Applications/JenKinTest.app
    cd /Users/admindyn/Desktop/工作/集分宝项目工作目录/JenKinTest
    export PATH="/Applications/Xcode.app/Contents/Developer/Platforms/iPhoneOS.platform/Developer/usr/bin:/Applications/Xcode.app/Contents/Developer/usr/bin:/Users/admindyn/Desktop/cocos2d-x/cocos2d-x/templates:/Users/admindyn/Desktop/cocos2d-x:/Users/admindyn/Desktop/cocos2d-x/cocos2d-x/tools/cocos2d-console/bin:/Library/Frameworks/Python.framework/Versions/3.5/bin:/Users/admindyn/.rvm/gems/ruby-2.3.0/bin:/Users/admindyn/.rvm/gems/ruby-2.3.0@global/bin:/Users/admindyn/.rvm/rubies/ruby-2.3.0/bin:/usr/local/php7.1.2/bin:/usr/local/php7.1.2/sbin:/usr/local/spark/spark-2.0.2-bin-hadoop2.7/bin:/usr/local/bin:/usr/bin:/bin:/usr/sbin:/sbin:/Applications/Server.app/Contents/ServerRoot/usr/bin:/Applications/Server.app/Contents/ServerRoot/usr/sbin:/Library/Frameworks/Mono.framework/Versions/Current/Commands:/Library/TeX/texbin:FFMPEG_Script:OPENCV_PATH:/usr/local/lib/pkg-config:/Applications/Jenkins/jenkins.war:/Users/admindyn/.rvm/bin"
    export PRODUCT_TYPE=com.apple.product-type.application
    builtin-validationUtility /Users/admindyn/Library/Developer/Xcode/DerivedData/JenKinTest-giudfoohkmpxfpgpcjjszczkexhg/Build/Intermediates/ArchiveIntermediates/JenKinTest/InstallationBuildProductsLocation/Applications/JenKinTest.app -validate-for-store

Touch IPAResults/Release-iphoneos/JenKinTest.app.dSYM
    cd /Users/admindyn/Desktop/工作/集分宝项目工作目录/JenKinTest
    export PATH="/Applications/Xcode.app/Contents/Developer/Platforms/iPhoneOS.platform/Developer/usr/bin:/Applications/Xcode.app/Contents/Developer/usr/bin:/Users/admindyn/Desktop/cocos2d-x/cocos2d-x/templates:/Users/admindyn/Desktop/cocos2d-x:/Users/admindyn/Desktop/cocos2d-x/cocos2d-x/tools/cocos2d-console/bin:/Library/Frameworks/Python.framework/Versions/3.5/bin:/Users/admindyn/.rvm/gems/ruby-2.3.0/bin:/Users/admindyn/.rvm/gems/ruby-2.3.0@global/bin:/Users/admindyn/.rvm/rubies/ruby-2.3.0/bin:/usr/local/php7.1.2/bin:/usr/local/php7.1.2/sbin:/usr/local/spark/spark-2.0.2-bin-hadoop2.7/bin:/usr/local/bin:/usr/bin:/bin:/usr/sbin:/sbin:/Applications/Server.app/Contents/ServerRoot/usr/bin:/Applications/Server.app/Contents/ServerRoot/usr/sbin:/Library/Frameworks/Mono.framework/Versions/Current/Commands:/Library/TeX/texbin:FFMPEG_Script:OPENCV_PATH:/usr/local/lib/pkg-config:/Applications/Jenkins/jenkins.war:/Users/admindyn/.rvm/bin"
    /usr/bin/touch -c /Users/admindyn/Desktop/工作/集分宝项目工作目录/JenKinTest/IPAResults/Release-iphoneos/JenKinTest.app.dSYM

** ARCHIVE SUCCEEDED **

Cleaning up previously generated .ipa files
Cleaning up previously generated .dSYM.zip files
Packaging IPA
[JenKinTest] $ /usr/libexec/PlistBuddy -c "Print :ApplicationProperties:CFBundleVersion" /Users/admindyn/Desktop/工作/集分宝项目工作目录/JenKinTest/IPAResults/JenKinTest.xcarchive/Info.plist
[JenKinTest] $ /usr/libexec/PlistBuddy -c "Print :ApplicationProperties:CFBundleShortVersionString" /Users/admindyn/Desktop/工作/集分宝项目工作目录/JenKinTest/IPAResults/JenKinTest.xcarchive/Info.plist
You have to provide a value for either the marketing or technical version. Found neither.
Build step 'Xcode' marked build as failure
Finished: FAILURE