Jenkins构建iOS项目8 勾选Clean before build? Allow failing build results?


Started by user yanan.ding
Building in workspace /Users/admindyn/Desktop/工作/集分宝项目工作目录/JenKinTest
Working directory is /Users/admindyn/Desktop/工作/集分宝项目工作目录/JenKinTest.
[JenKinTest] $ /usr/bin/xcodebuild -version
Xcode 8.0
Build version 8A218a
Fetching marketing version number (CFBundleShortVersionString) from project.
[JenKinTest] $ /usr/bin/agvtool mvers -terse1
Found marketing version (CFBundleShortVersionString): 2.1.
Marketing version (CFBundleShortVersionString) found in project configuration: 2.1.
Fetching technical version number (CFBundleVersion) from project.
[JenKinTest] $ /usr/bin/agvtool vers -terse
No marketing version found (CFBundleVersion)
Technical version (CFBundleVersion) found in project configuration: .
Marketing version (CFBundleShortVersionString) used by Jenkins to produce the IPA: 2.1
Technical version (CFBundleVersion) used by Jenkins to produce the IPA: 
Cleaning build directory: /Users/admindyn/Desktop/工作/集分宝项目工作目录/JenKinTest/IPAResults
Cleaning up test-reports : /Users/admindyn/Desktop/工作/集分宝项目工作目录/JenKinTest/test-reports
[JenKinTest] $ /usr/bin/security list-keychains -s /Users/admindyn/Library/Keychains/login.keychain
[JenKinTest] $ /usr/bin/security default-keychain -d user -s /Users/admindyn/Library/Keychains/login.keychain
Will not set default: file /Users/admindyn/Library/Keychains/login.keychain-db is owned by UID=503, but we have UID=266
security: SecKeychainSetDomainDefault user: write permissions error
[JenKinTest] $ /usr/bin/security unlock-keychain -p ******** /Users/admindyn/Library/Keychains/login.keychain
[JenKinTest] $ /usr/bin/security show-keychain-info /Users/admindyn/Library/Keychains/login.keychain
Keychain "/Users/admindyn/Library/Keychains/login.keychain" no-timeout
===========================================================
== Available provisioning profiles
[JenKinTest] $ /usr/bin/security find-identity -p codesigning -v
  1) D1FCAC2B00AE00A1ADBC8062D19C2447E5CD86D8 "iPhone Developer: yanan ding (3FA9BAV9X9)"
  2) 0D673CA5D8779F8CA24E9100058226228C67BBFA "iPhone Distribution: CHRising Information & Consulting Co., Ltd."
  3) 9896C2CF200C658E160F050F871D56CD7DC05806 "iPhone Developer: 15110671453@163.com (K85955Q8X8)"
  4) FA3CEC2F92E695627659D9DE6CB337ED730279F4 "iPhone Developer: yanan ding (3FA9BAV9X9)"
  5) C547FB47D30530B850866A16FF38805B35A0F16A "iPhone Developer: it_support@bjcric1.com (3254UXDJXX)"
  6) FB376C6EECA7B47776E322F627BF31BA85F83F9A "Mac Developer: yanan ding (3FA9BAV9X9)"
  7) B41194B03EC12B07930845833EA03BA3C5515FE5 "macserver1.local Code Signing Certificate"
     7 valid identities found
== Can we find the requested provisioning profile ?
[JenKinTest] $ /usr/bin/security find-certificate -a -c 58W4HKZ65K -Z | grep ^SHA-1
== Available SDKs
[JenKinTest] $ /usr/bin/xcodebuild -showsdks
iOS SDKs:
	iOS 10.0                      	-sdk iphoneos10.0

iOS Additional SDKs:
	iPhoneOS 9.2                  	-sdk iphoneos9.2

iOS Simulator SDKs:
	Simulator - iOS 10.0          	-sdk iphonesimulator10.0

macOS SDKs:
	macOS 10.12                   	-sdk macosx10.12

tvOS SDKs:
	tvOS 10.0                     	-sdk appletvos10.0

tvOS Simulator SDKs:
	Simulator - tvOS 10.0         	-sdk appletvsimulator10.0

watchOS SDKs:
	watchOS 3.0                   	-sdk watchos3.0

watchOS Simulator SDKs:
	Simulator - watchOS 3.0       	-sdk watchsimulator3.0

== Available schemes
[JenKinTest] $ /usr/bin/xcodebuild -list
Information about project "JenKinTest":
    Targets:
        JenKinTest
        JenKinTestTests
        JenKinTestUITests

    Build Configurations:
        Debug
        Release

    If no build configuration is specified and -scheme is not passed then "Release" is used.

    Schemes:
        JenKinTest


===========================================================
Going to invoke xcodebuild:target: JenKinTest, sdk: DEFAULT, project: DEFAULT, configuration: Release, clean: YES, archive:NO, symRoot: /Users/admindyn/Desktop/工作/集分宝项目工作目录/JenKinTest/buildJenKins, buildDir: /Users/admindyn/Desktop/工作/集分宝项目工作目录/JenKinTest/IPAResults, developmentTeamID: 58W4HKZ65K
[JenKinTest] $ /usr/bin/xcodebuild -target JenKinTest -configuration Release clean build SYMROOT=/Users/admindyn/Desktop/工作/集分宝项目工作目录/JenKinTest/buildJenKins BUILD_DIR=/Users/admindyn/Desktop/工作/集分宝项目工作目录/JenKinTest/IPAResults DEVELOPMENT_TEAM=58W4HKZ65K
Build settings from command line:
    BUILD_DIR = /Users/admindyn/Desktop/工作/集分宝项目工作目录/JenKinTest/IPAResults
    DEVELOPMENT_TEAM = 58W4HKZ65K
    SYMROOT = /Users/admindyn/Desktop/工作/集分宝项目工作目录/JenKinTest/buildJenKins

=== CLEAN TARGET JenKinTest OF PROJECT JenKinTest WITH CONFIGURATION Release ===

Check dependencies
[BEROR]No profile matching 'JENKINDistributionFile' found:  Xcode couldn't find a profile matching 'JENKINDistributionFile'. Install the profile (by dragging and dropping it onto Xcode's dock item) or select a different one in the General tab of the target editor.
[BEROR]Code signing is required for product type 'Application' in SDK 'iOS 10.0'

Create product structure
/bin/mkdir -p /Users/admindyn/Desktop/工作/集分宝项目工作目录/JenKinTest/IPAResults/Release-iphoneos/JenKinTest.app

Clean.Remove clean IPAResults/Release-iphoneos/JenKinTest.app
    builtin-rm -rf /Users/admindyn/Desktop/工作/集分宝项目工作目录/JenKinTest/IPAResults/Release-iphoneos/JenKinTest.app

Clean.Remove clean buildJenKins/JenKinTest.build/Release-iphoneos/JenKinTest.build
    builtin-rm -rf /Users/admindyn/Desktop/工作/集分宝项目工作目录/JenKinTest/buildJenKins/JenKinTest.build/Release-iphoneos/JenKinTest.build

Clean.Remove clean IPAResults/Release-iphoneos/JenKinTest.app.dSYM
    builtin-rm -rf /Users/admindyn/Desktop/工作/集分宝项目工作目录/JenKinTest/IPAResults/Release-iphoneos/JenKinTest.app.dSYM

** CLEAN SUCCEEDED **

=== BUILD TARGET JenKinTest OF PROJECT JenKinTest WITH CONFIGURATION Release ===

Check dependencies
No profile matching 'JENKINDistributionFile' found:  Xcode couldn't find a profile matching 'JENKINDistributionFile'. Install the profile (by dragging and dropping it onto Xcode's dock item) or select a different one in the General tab of the target editor.
Code signing is required for product type 'Application' in SDK 'iOS 10.0'

** BUILD FAILED **


The following build commands failed:
	Check dependencies
(1 failure)
Root directory to find files to upload : IPA
found remote files : []
ERROR: Could not find the file specified by the pattern **/*.apk,**/*.ipa
Build step 'Upload to fir.im' marked build as failure
Finished: FAILURE