Jenkins构建iOS项目5

	Check dependencies
No iOS profile matching '58W4HKZ65K/JENKINDistributionFile' found:  Xcode couldn't find a profile matching '58W4HKZ65K/JENKINDistributionFile'. Install the profile (by dragging and dropping it onto Xcode's dock item) or select a different one in the General tab of the target editor.
Code signing is required for product type 'Application' in SDK 'iOS 10.3'

** BUILD FAILED **


	发现 除了 插件配置问题 外 由于我们的Mac 时多用户登陆  同时 JenKin的用户权限 是JenKin用户

	我们需要 对
	/Users/admindyn/Library/MobileDevice/Provisioning\ Profiles/

	对它 添加 JenKin的读的权限 

-----------修改权限后再次执行
Started by user yanan.ding
Building in workspace /Users/admindyn/Desktop/工作/集分宝项目工作目录/JenKinTest
FATAL: Failed to copy /Users/Shared/Jenkins/Home/kpp_upload/JENKINDistributionFile.mobileprovision to /Users/admindyn/Library/MobileDevice/Provisioning\ Profiles/52e120d0-211b-4b2f-adf1-23b10c8abab6.mobileprovision
java.nio.file.NoSuchFileException: /Users/admindyn/Library/MobileDevice/Provisioning\ Profiles/52e120d0-211b-4b2f-adf1-23b10c8abab6.mobileprovision
	at sun.nio.fs.UnixException.translateToIOException(UnixException.java:86)
	at sun.nio.fs.UnixException.rethrowAsIOException(UnixException.java:102)
	at sun.nio.fs.UnixException.rethrowAsIOException(UnixException.java:107)
	at sun.nio.fs.UnixFileSystemProvider.newByteChannel(UnixFileSystemProvider.java:214)
	at java.nio.file.spi.FileSystemProvider.newOutputStream(FileSystemProvider.java:434)
	at java.nio.file.Files.newOutputStream(Files.java:216)
	at hudson.FilePath.write(FilePath.java:1889)
	at hudson.FilePath.copyTo(FilePath.java:1999)
Caused: java.io.IOException: Failed to copy /Users/Shared/Jenkins/Home/kpp_upload/JENKINDistributionFile.mobileprovision to /Users/admindyn/Library/MobileDevice/Provisioning\ Profiles/52e120d0-211b-4b2f-adf1-23b10c8abab6.mobileprovision
	at hudson.FilePath.copyTo(FilePath.java:2003)
	at com.sic.plugins.kpp.KPPProvisioningProfilesBuildWrapper.copyProvisioningProfiles(KPPProvisioningProfilesBuildWrapper.java:161)
	at com.sic.plugins.kpp.KPPProvisioningProfilesBuildWrapper.setUp(KPPProvisioningProfilesBuildWrapper.java:99)
	at hudson.model.Build$BuildExecution.doRun(Build.java:157)
	at hudson.model.AbstractBuild$AbstractBuildExecution.run(AbstractBuild.java:496)
	at hudson.model.Run.execute(Run.java:1737)
	at hudson.model.FreeStyleBuild.run(FreeStyleBuild.java:43)
	at hudson.model.ResourceController.execute(ResourceController.java:97)
	at hudson.model.Executor.run(Executor.java:419)
Finished: FAILURE----------

----Failed to copy /Users/Shared/Jenkins/Home/kpp_upload/JENKINDistributionFile.mobileprovision to /Users/admindyn/Library/MobileDevice/Provisioning\ Profiles/52e120d0-211b-4b2f-adf1-23b10c8abab6.mobileprovision----难道我们需要将描述文件提前放到/Users/Shared/Jenkins/Home/kpp_upload/JENKINDistributionFile.mobileprovision 目录下



到目录下 查看
macserver1:~ admindyn$ cd /Users/Shared/Jenkins/Home/kpp_upload/
macserver1:kpp_upload admindyn$ ls -la
total 136
drwxr-xr-x   4 jenkins  com.apple.access_chat    136  9 26 17:52 .
drwxr-xr-x  46 jenkins  com.apple.access_chat   1564  9 27 09:40 ..
-rw-r--r--   1 jenkins  com.apple.access_chat   7492  9 26 17:40 JENKINDistributionFile.mobileprovision
-rw-r--r--   1 jenkins  com.apple.access_chat  58552  9 26 17:52 login.keychain
macserver1:kpp_upload admindyn$ 


发现 钥匙串keychain 和 描述文件 已经存在


--原来 是 copy到/Users/admindyn/Library/MobileDevice/Provisioning\ Profiles/52e120d0-211b-4b2f-adf1-23b10c8abab6.mobileprovision 失败  因此 我们 对该文件夹 再添加读写权限
同时 如果 我们之前xcode自己使用描述文件导入过 证明该文件已经存在 为避免Jenkins没有权限覆盖 我们需要对该
/Users/admindyn/Library/MobileDevice/Provisioning\ Profiles/52e120d0-211b-4b2f-adf1-23b10c8abab6.mobileprovision 描述文件 也添加JenKins的读写权限
 ---



--依旧失败  我们尝试 直接 在JenKin管理后台 再次上传描述文件52e120d0-211b-4b2f-adf1-23b10c8abab6 这个直接在我们的Users/admindyn/Library/MobileDevice/Provisioning\ Profiles/ 目录下 再次构建 依旧失败---


Started by user yanan.ding
Building in workspace /Users/admindyn/Desktop/工作/集分宝项目工作目录/JenKinTest
FATAL: Failed to copy /Users/Shared/Jenkins/Home/kpp_upload/JENKINDistributionFile.mobileprovision to /Users/admindyn/Library/MobileDevice/Provisioning\ Profiles/52e120d0-211b-4b2f-adf1-23b10c8abab6.mobileprovision
java.nio.file.NoSuchFileException: /Users/admindyn/Library/MobileDevice/Provisioning\ Profiles/52e120d0-211b-4b2f-adf1-23b10c8abab6.mobileprovision
	at sun.nio.fs.UnixException.translateToIOException(UnixException.java:86)
	at sun.nio.fs.UnixException.rethrowAsIOException(UnixException.java:102)
	at sun.nio.fs.UnixException.rethrowAsIOException(UnixException.java:107)
	at sun.nio.fs.UnixFileSystemProvider.newByteChannel(UnixFileSystemProvider.java:214)
	at java.nio.file.spi.FileSystemProvider.newOutputStream(FileSystemProvider.java:434)
	at java.nio.file.Files.newOutputStream(Files.java:216)
	at hudson.FilePath.write(FilePath.java:1889)
	at hudson.FilePath.copyTo(FilePath.java:1999)
Caused: java.io.IOException: Failed to copy /Users/Shared/Jenkins/Home/kpp_upload/JENKINDistributionFile.mobileprovision to /Users/admindyn/Library/MobileDevice/Provisioning\ Profiles/52e120d0-211b-4b2f-adf1-23b10c8abab6.mobileprovision
	at hudson.FilePath.copyTo(FilePath.java:2003)
	at com.sic.plugins.kpp.KPPProvisioningProfilesBuildWrapper.copyProvisioningProfiles(KPPProvisioningProfilesBuildWrapper.java:161)
	at com.sic.plugins.kpp.KPPProvisioningProfilesBuildWrapper.setUp(KPPProvisioningProfilesBuildWrapper.java:99)
	at hudson.model.Build$BuildExecution.doRun(Build.java:157)
	at hudson.model.AbstractBuild$AbstractBuildExecution.run(AbstractBuild.java:496)
	at hudson.model.Run.execute(Run.java:1737)
	at hudson.model.FreeStyleBuild.run(FreeStyleBuild.java:43)
	at hudson.model.ResourceController.execute(ResourceController.java:97)
	at hudson.model.Executor.run(Executor.java:419)
Finished: FAILURE


干嘛 要复制 ？？？？ 继续检查

FilePath.java:2003



搜索这个 报错 原来  在keychain 插件 拖拽上传描述文件的时候

对于描述文件会再添一个路径  这个路径写法有问题 /Users/admindyn/Library/MobileDevice/Provisioning\ Profiles/  需要将反斜杠 这个转义  直接 写空格就好了


----配置完后 再次构建 报错 但是这次 没有报复制 出错 而是 描述文件不匹配  因此 我们 还是上传JENKINDistributionFile 这个名字的描述文件 尝试 -----


Started by user yanan.ding
Building in workspace /Users/admindyn/Desktop/工作/集分宝项目工作目录/JenKinTest
Working directory is /Users/admindyn/Desktop/工作/集分宝项目工作目录/JenKinTest.
[JenKinTest] $ /usr/bin/xcodebuild -version
Xcode 8.3.2
Build version 8E2002
Fetching marketing version number (CFBundleShortVersionString) from project.
[JenKinTest] $ /usr/bin/agvtool mvers -terse1
Found marketing version (CFBundleShortVersionString): 2.1.
Marketing version (CFBundleShortVersionString) found in project configuration: 2.1.
Fetching technical version number (CFBundleVersion) from project.
[JenKinTest] $ /usr/bin/agvtool vers -terse
No marketing version found (CFBundleVersion)
Technical version (CFBundleVersion) found in project configuration: .
Marketing version (CFBundleShortVersionString) used by Jenkins to produce the IPA: 2.1
Technical version (CFBundleVersion) used by Jenkins to produce the IPA: 
===========================================================
== Available provisioning profiles
[JenKinTest] $ /usr/bin/security find-identity -p codesigning -v
  1) D1FCAC2B00AE00A1ADBC8062D19C2447E5CD86D8 "iPhone Developer: yanan ding (3FA9BAV9X9)"
  2) 0D673CA5D8779F8CA24E9100058226228C67BBFA "iPhone Distribution: CHRising Information & Consulting Co., Ltd."
  3) 9896C2CF200C658E160F050F871D56CD7DC05806 "iPhone Developer: 15110671453@163.com (K85955Q8X8)"
  4) FA3CEC2F92E695627659D9DE6CB337ED730279F4 "iPhone Developer: yanan ding (3FA9BAV9X9)"
  5) C547FB47D30530B850866A16FF38805B35A0F16A "iPhone Developer: it_support@bjcric1.com (3254UXDJXX)"
  6) FB376C6EECA7B47776E322F627BF31BA85F83F9A "Mac Developer: yanan ding (3FA9BAV9X9)"
  7) B41194B03EC12B07930845833EA03BA3C5515FE5 "macserver1.local Code Signing Certificate"
     7 valid identities found
== Can we find the requested provisioning profile ?
[JenKinTest] $ /usr/bin/security find-certificate -a -c 58W4HKZ65K -Z | grep ^SHA-1
== Available SDKs
[JenKinTest] $ /usr/bin/xcodebuild -showsdks
iOS SDKs:
	iOS 10.3                      	-sdk iphoneos10.3

iOS Simulator SDKs:
	Simulator - iOS 10.3          	-sdk iphonesimulator10.3

macOS SDKs:
	macOS 10.12                   	-sdk macosx10.12

tvOS SDKs:
	tvOS 10.2                     	-sdk appletvos10.2

tvOS Simulator SDKs:
	Simulator - tvOS 10.2         	-sdk appletvsimulator10.2

watchOS SDKs:
	watchOS 3.2                   	-sdk watchos3.2

watchOS Simulator SDKs:
	Simulator - watchOS 3.2       	-sdk watchsimulator3.2

== Available schemes
[JenKinTest] $ /usr/bin/xcodebuild -list
Information about project "JenKinTest":
    Targets:
        JenKinTest
        JenKinTestTests
        JenKinTestUITests

    Build Configurations:
        Debug
        Release

    If no build configuration is specified and -scheme is not passed then "Release" is used.

    Schemes:
        JenKinTest


===========================================================
Going to invoke xcodebuild:target: JenKinTest, sdk: DEFAULT, project: DEFAULT, configuration: Debug, clean: NO, archive:NO, symRoot: /Users/admindyn/Desktop/工作/集分宝项目工作目录/JenKinTest/buildJenKins, buildDir: /Users/admindyn/Desktop/工作/集分宝项目工作目录/JenKinTest/IPAResults, developmentTeamID: 58W4HKZ65K
[JenKinTest] $ /usr/bin/xcodebuild -target JenKinTest -configuration Debug build SYMROOT=/Users/admindyn/Desktop/工作/集分宝项目工作目录/JenKinTest/buildJenKins BUILD_DIR=/Users/admindyn/Desktop/工作/集分宝项目工作目录/JenKinTest/IPAResults DEVELOPMENT_TEAM=58W4HKZ65K
Build settings from command line:
    BUILD_DIR = /Users/admindyn/Desktop/工作/集分宝项目工作目录/JenKinTest/IPAResults
    DEVELOPMENT_TEAM = 58W4HKZ65K
    SYMROOT = /Users/admindyn/Desktop/工作/集分宝项目工作目录/JenKinTest/buildJenKins

=== BUILD TARGET JenKinTest OF PROJECT JenKinTest WITH CONFIGURATION Debug ===

Check dependencies
No iOS profile matching '58W4HKZ65K/JENKINDistributionFile' found:  Xcode couldn't find a profile matching '58W4HKZ65K/JENKINDistributionFile'. Install the profile (by dragging and dropping it onto Xcode's dock item) or select a different one in the General tab of the target editor.
Code signing is required for product type 'Application' in SDK 'iOS 10.3'

** BUILD FAILED **


The following build commands failed:
	Check dependencies
(1 failure)
Build step 'Xcode' marked build as failure
Finished: FAILURE

----配置完后 再次构建 报错 但是这次 没有报复制 出错 而是 描述文件不匹配  因此 我们 还是上传JENKINDistributionFile 这个名字的描述文件 尝试 -----

竟然又 报 Failed to copy /Users/Shared/Jenkins/Home/kpp_upload/52e120d0-211b-4b2f-adf1-23b10c8abab6.mobileprovision to /Users/admindyn/Library/MobileDevice/Provisioning Profiles/52e120d0-211b-4b2f-adf1-23b10c8abab6.mobileprovision

该文件 我已经删除了啊 

后来发现  除了 在系统管理 keychain 插件这里更新完 还需要 到 项目 构建  配置哪里 重新打开页面加载一次  也就是重新load一次 配置 否则 一直用的上一次的配置 不是最新的 

所以 依旧报错 报文件不对的错误  

Started by user yanan.ding
Building in workspace /Users/admindyn/Desktop/工作/集分宝项目工作目录/JenKinTest
FATAL: Failed to copy /Users/Shared/Jenkins/Home/kpp_upload/52e120d0-211b-4b2f-adf1-23b10c8abab6.mobileprovision to /Users/admindyn/Library/MobileDevice/Provisioning Profiles/52e120d0-211b-4b2f-adf1-23b10c8abab6.mobileprovision
java.nio.file.NoSuchFileException: /Users/Shared/Jenkins/Home/kpp_upload/52e120d0-211b-4b2f-adf1-23b10c8abab6.mobileprovision
	at sun.nio.fs.UnixException.translateToIOException(UnixException.java:86)
	at sun.nio.fs.UnixException.rethrowAsIOException(UnixException.java:102)
	at sun.nio.fs.UnixException.rethrowAsIOException(UnixException.java:107)
	at sun.nio.fs.UnixFileSystemProvider.newByteChannel(UnixFileSystemProvider.java:214)
	at java.nio.file.Files.newByteChannel(Files.java:361)
	at java.nio.file.Files.newByteChannel(Files.java:407)
	at java.nio.file.spi.FileSystemProvider.newInputStream(FileSystemProvider.java:384)
	at java.nio.file.Files.newInputStream(Files.java:152)
	at hudson.FilePath$41.invoke(FilePath.java:2027)
	at hudson.FilePath$41.invoke(FilePath.java:2024)
	at hudson.FilePath.act(FilePath.java:998)
	at hudson.FilePath.act(FilePath.java:976)
	at hudson.FilePath.copyTo(FilePath.java:2024)
	at hudson.FilePath.copyTo(FilePath.java:2000)
Caused: java.io.IOException: Failed to copy /Users/Shared/Jenkins/Home/kpp_upload/52e120d0-211b-4b2f-adf1-23b10c8abab6.mobileprovision to /Users/admindyn/Library/MobileDevice/Provisioning Profiles/52e120d0-211b-4b2f-adf1-23b10c8abab6.mobileprovision
	at hudson.FilePath.copyTo(FilePath.java:2003)

----但是 重新load keychain 描述文件 新配置 后还是报错 这一次报错 回到以前的 签名错-----
Started by user yanan.ding
Building in workspace /Users/admindyn/Desktop/工作/集分宝项目工作目录/JenKinTest
Working directory is /Users/admindyn/Desktop/工作/集分宝项目工作目录/JenKinTest.
[JenKinTest] $ /usr/bin/xcodebuild -version
Xcode 8.3.2
Build version 8E2002
Fetching marketing version number (CFBundleShortVersionString) from project.
[JenKinTest] $ /usr/bin/agvtool mvers -terse1
Found marketing version (CFBundleShortVersionString): 2.1.
Marketing version (CFBundleShortVersionString) found in project configuration: 2.1.
Fetching technical version number (CFBundleVersion) from project.
[JenKinTest] $ /usr/bin/agvtool vers -terse
No marketing version found (CFBundleVersion)
Technical version (CFBundleVersion) found in project configuration: .
Marketing version (CFBundleShortVersionString) used by Jenkins to produce the IPA: 2.1
Technical version (CFBundleVersion) used by Jenkins to produce the IPA: 
===========================================================
== Available provisioning profiles
[JenKinTest] $ /usr/bin/security find-identity -p codesigning -v
  1) D1FCAC2B00AE00A1ADBC8062D19C2447E5CD86D8 "iPhone Developer: yanan ding (3FA9BAV9X9)"
  2) 0D673CA5D8779F8CA24E9100058226228C67BBFA "iPhone Distribution: CHRising Information & Consulting Co., Ltd."
  3) 9896C2CF200C658E160F050F871D56CD7DC05806 "iPhone Developer: 15110671453@163.com (K85955Q8X8)"
  4) FA3CEC2F92E695627659D9DE6CB337ED730279F4 "iPhone Developer: yanan ding (3FA9BAV9X9)"
  5) C547FB47D30530B850866A16FF38805B35A0F16A "iPhone Developer: it_support@bjcric1.com (3254UXDJXX)"
  6) FB376C6EECA7B47776E322F627BF31BA85F83F9A "Mac Developer: yanan ding (3FA9BAV9X9)"
  7) B41194B03EC12B07930845833EA03BA3C5515FE5 "macserver1.local Code Signing Certificate"
     7 valid identities found
== Can we find the requested provisioning profile ?
[JenKinTest] $ /usr/bin/security find-certificate -a -c 58W4HKZ65K -Z | grep ^SHA-1
== Available SDKs
[JenKinTest] $ /usr/bin/xcodebuild -showsdks
iOS SDKs:
	iOS 10.3                      	-sdk iphoneos10.3

iOS Simulator SDKs:
	Simulator - iOS 10.3          	-sdk iphonesimulator10.3

macOS SDKs:
	macOS 10.12                   	-sdk macosx10.12

tvOS SDKs:
	tvOS 10.2                     	-sdk appletvos10.2

tvOS Simulator SDKs:
	Simulator - tvOS 10.2         	-sdk appletvsimulator10.2

watchOS SDKs:
	watchOS 3.2                   	-sdk watchos3.2

watchOS Simulator SDKs:
	Simulator - watchOS 3.2       	-sdk watchsimulator3.2

== Available schemes
[JenKinTest] $ /usr/bin/xcodebuild -list
Information about project "JenKinTest":
    Targets:
        JenKinTest
        JenKinTestTests
        JenKinTestUITests

    Build Configurations:
        Debug
        Release

    If no build configuration is specified and -scheme is not passed then "Release" is used.

    Schemes:
        JenKinTest


===========================================================
Going to invoke xcodebuild:target: JenKinTest, sdk: DEFAULT, project: DEFAULT, configuration: Debug, clean: NO, archive:NO, symRoot: /Users/admindyn/Desktop/工作/集分宝项目工作目录/JenKinTest/buildJenKins, buildDir: /Users/admindyn/Desktop/工作/集分宝项目工作目录/JenKinTest/IPAResults, developmentTeamID: 58W4HKZ65K
[JenKinTest] $ /usr/bin/xcodebuild -target JenKinTest -configuration Debug build SYMROOT=/Users/admindyn/Desktop/工作/集分宝项目工作目录/JenKinTest/buildJenKins BUILD_DIR=/Users/admindyn/Desktop/工作/集分宝项目工作目录/JenKinTest/IPAResults DEVELOPMENT_TEAM=58W4HKZ65K
Build settings from command line:
    BUILD_DIR = /Users/admindyn/Desktop/工作/集分宝项目工作目录/JenKinTest/IPAResults
    DEVELOPMENT_TEAM = 58W4HKZ65K
    SYMROOT = /Users/admindyn/Desktop/工作/集分宝项目工作目录/JenKinTest/buildJenKins

=== BUILD TARGET JenKinTest OF PROJECT JenKinTest WITH CONFIGURATION Debug ===

Check dependencies
No iOS profile matching '58W4HKZ65K/JENKINDistributionFile' found:  Xcode couldn't find a profile matching '58W4HKZ65K/JENKINDistributionFile'. Install the profile (by dragging and dropping it onto Xcode's dock item) or select a different one in the General tab of the target editor.
Code signing is required for product type 'Application' in SDK 'iOS 10.3'

** BUILD FAILED **


The following build commands failed:
	Check dependencies
(1 failure)
Build step 'Xcode' marked build as failure
Finished: FAILURE

---以上 签名失败 因为描述文件不匹配 。。。 macserver1:kpp_upload admindyn$ sudo cp /Users/admindyn/Library/MobileDevice/Provisioning\ Profiles/52e120d0-211b-4b2f-adf1-23b10c8abab6.mobileprovision ./
Password:
macserver1:kpp_upload admindyn$ 

再次尝试 让JenKin 重新读去一次配置 再重新启动构建---